#! /usr/bin/vvp
:ivl_version "10.3 (stable)";
:ivl_delay_selection "TYPICAL";
:vpi_time_precision - 10;
:vpi_module "system";
:vpi_module "vhdl_sys";
:vpi_module "v2005_math";
:vpi_module "va_math";
S_0x55cbe3835150 .scope module, "fpu16_tb" "fpu16_tb" 2 10;
 .timescale -9 -10;
v0x55cbe3889d10_0 .net "DOUT", 15 0, L_0x55cbe38ba9a0;  1 drivers
v0x55cbe3889e20_0 .net *"_s13", 4 0, L_0x55cbe38baf00;  1 drivers
v0x55cbe3889ee0_0 .net *"_s14", 6 0, L_0x55cbe38baff0;  1 drivers
L_0x7f96b5309b60 .functor BUFT 1, C4<00>, C4<0>, C4<0>, C4<0>;
v0x55cbe3889fd0_0 .net *"_s17", 1 0, L_0x7f96b5309b60;  1 drivers
v0x55cbe388a0b0_0 .net *"_s5", 4 0, L_0x55cbe38baba0;  1 drivers
v0x55cbe388a190_0 .net *"_s6", 6 0, L_0x55cbe38baca0;  1 drivers
L_0x7f96b5309b18 .functor BUFT 1, C4<00>, C4<0>, C4<0>, C4<0>;
v0x55cbe388a270_0 .net *"_s9", 1 0, L_0x7f96b5309b18;  1 drivers
v0x55cbe388a350_0 .var "asel", 0 0;
v0x55cbe388a3f0_0 .var "clk", 0 0;
v0x55cbe388a490_0 .var "dsel", 0 0;
v0x55cbe388a550_0 .var "msel", 0 0;
v0x55cbe388a620 .array "op1", 0 31, 15 0;
v0x55cbe388a6c0 .array "op2", 0 31, 15 0;
v0x55cbe388a780_0 .var "opcnt", 6 0;
v0x55cbe388a860_0 .var "ssel", 0 0;
E_0x55cbe37d6a80 .event posedge, v0x55cbe388a3f0_0;
L_0x55cbe38bab00 .array/port v0x55cbe388a620, L_0x55cbe38baca0;
L_0x55cbe38baba0 .part v0x55cbe388a780_0, 0, 5;
L_0x55cbe38baca0 .concat [ 5 2 0 0], L_0x55cbe38baba0, L_0x7f96b5309b18;
L_0x55cbe38bae30 .array/port v0x55cbe388a6c0, L_0x55cbe38baff0;
L_0x55cbe38baf00 .part v0x55cbe388a780_0, 0, 5;
L_0x55cbe38baff0 .concat [ 5 2 0 0], L_0x55cbe38baf00, L_0x7f96b5309b60;
S_0x55cbe37f3550 .scope module, "DUT" "FALU16" 2 37, 3 7 0, S_0x55cbe3835150;
 .timescale -9 -10;
    .port_info 0 /INPUT 1 "enable"
    .port_info 1 /INPUT 16 "op1"
    .port_info 2 /INPUT 16 "op2"
    .port_info 3 /INPUT 1 "vec_en"
    .port_info 4 /INPUT 1 "addsel"
    .port_info 5 /INPUT 1 "subsel"
    .port_info 6 /INPUT 1 "mulsel"
    .port_info 7 /INPUT 1 "itfsel"
    .port_info 8 /INPUT 1 "ftisel"
    .port_info 9 /INPUT 1 "maxsel"
    .port_info 10 /INPUT 1 "minsel"
    .port_info 11 /INPUT 32 "fullin"
    .port_info 12 /INPUT 1 "ftlsel"
    .port_info 13 /OUTPUT 32 "fullout"
    .port_info 14 /OUTPUT 16 "opout"
    .port_info 15 /OUTPUT 1 "gt"
    .port_info 16 /OUTPUT 1 "eq"
L_0x55cbe388b430 .functor AND 1, L_0x55cbe389b610, L_0x55cbe389b800, C4<1>, C4<1>;
L_0x55cbe389bef0 .functor AND 1, L_0x55cbe389bbf0, L_0x55cbe389bd30, C4<1>, C4<1>;
L_0x55cbe389c380 .functor AND 1, L_0x55cbe389c140, L_0x55cbe389be50, C4<1>, C4<1>;
L_0x55cbe389c9e0 .functor AND 1, L_0x55cbe389c690, L_0x55cbe389c7d0, C4<1>, C4<1>;
L_0x55cbe389d150 .functor AND 1, L_0x55cbe389cc10, L_0x55cbe389cf20, C4<1>, C4<1>;
L_0x55cbe389d900 .functor AND 1, L_0x55cbe389d350, L_0x55cbe389d680, C4<1>, C4<1>;
L_0x55cbe389da50 .functor XOR 1, L_0x55cbe38bb220, L_0x55cbe38bb460, C4<0>, C4<0>;
L_0x55cbe38a7bf0 .functor XOR 1, L_0x55cbe38bb220, L_0x55cbe38bb460, C4<0>, C4<0>;
L_0x55cbe38a7d00 .functor XOR 1, L_0x55cbe38a7bf0, v0x55cbe388a860_0, C4<0>, C4<0>;
L_0x55cbe38a8160 .functor NOT 11, L_0x55cbe38a98b0, C4<00000000000>, C4<00000000000>, C4<00000000000>;
L_0x55cbe38a8320 .functor NOT 11, L_0x55cbe38a6a00, C4<00000000000>, C4<00000000000>, C4<00000000000>;
L_0x55cbe38a94b0 .functor XOR 1, L_0x55cbe38bb220, L_0x55cbe38bb460, C4<0>, C4<0>;
L_0x55cbe38b0f30 .functor NOT 16, L_0x55cbe38b2540, C4<0000000000000000>, C4<0000000000000000>, C4<0000000000000000>;
L_0x55cbe38b8b70 .functor OR 1, v0x55cbe388a350_0, v0x55cbe388a860_0, C4<0>, C4<0>;
L_0x55cbe38ab210 .functor OR 16, L_0x55cbe38b9660, L_0x55cbe38b9900, C4<0000000000000000>, C4<0000000000000000>;
L_0x55cbe38b9ce0 .functor OR 16, L_0x55cbe38ab210, L_0x55cbe38ba1a0, C4<0000000000000000>, C4<0000000000000000>;
L_0x55cbe38b9e80 .functor OR 16, L_0x55cbe38b9ce0, L_0x55cbe38bbb80, C4<0000000000000000>, C4<0000000000000000>;
L_0x55cbe38b9f40 .functor OR 16, L_0x55cbe38b9e80, L_0x55cbe38bbc90, C4<0000000000000000>, C4<0000000000000000>;
L_0x55cbe38ba710 .functor OR 16, L_0x55cbe38b9f40, L_0x55cbe38bbea0, C4<0000000000000000>, C4<0000000000000000>;
L_0x55cbe38ba7d0 .functor OR 16, L_0x55cbe38ba710, L_0x55cbe38bbfb0, C4<0000000000000000>, C4<0000000000000000>;
L_0x55cbe38ba9a0 .functor OR 16, L_0x55cbe38ba7d0, L_0x55cbe38bc1d0, C4<0000000000000000>, C4<0000000000000000>;
L_0x55cbe38bb220 .functor BUFT 1, L_0x55cbe388aa30, C4<0>, C4<0>, C4<0>;
L_0x55cbe38bb460 .functor BUFT 1, L_0x55cbe388ac00, C4<0>, C4<0>, C4<0>;
L_0x55cbe38bb4d0 .functor BUFT 5, L_0x55cbe388add0, C4<00000>, C4<00000>, C4<00000>;
L_0x55cbe38bb660 .functor BUFT 5, L_0x55cbe388afd0, C4<00000>, C4<00000>, C4<00000>;
L_0x55cbe38bb720 .functor BUFT 10, L_0x55cbe388b160, C4<0000000000>, C4<0000000000>, C4<0000000000>;
L_0x55cbe38bb8c0 .functor BUFT 10, L_0x55cbe388b360, C4<0000000000>, C4<0000000000>, C4<0000000000>;
L_0x55cbe38bb980 .functor BUFT 16, L_0x55cbe38ab7a0, C4<0000000000000000>, C4<0000000000000000>, C4<0000000000000000>;
L_0x7f96b5309968 .functor BUFT 1, C4<0000000000000000>, C4<0>, C4<0>, C4<0>;
L_0x55cbe38bbb80 .functor BUFT 16, L_0x7f96b5309968, C4<0000000000000000>, C4<0000000000000000>, C4<0000000000000000>;
L_0x7f96b53099b0 .functor BUFT 1, C4<0000000000000000>, C4<0>, C4<0>, C4<0>;
L_0x55cbe38bbc90 .functor BUFT 16, L_0x7f96b53099b0, C4<0000000000000000>, C4<0000000000000000>, C4<0000000000000000>;
L_0x7f96b53099f8 .functor BUFT 1, C4<0000000000000000>, C4<0>, C4<0>, C4<0>;
L_0x55cbe38bbea0 .functor BUFT 16, L_0x7f96b53099f8, C4<0000000000000000>, C4<0000000000000000>, C4<0000000000000000>;
L_0x7f96b5309a40 .functor BUFT 1, C4<0000000000000000>, C4<0>, C4<0>, C4<0>;
L_0x55cbe38bbfb0 .functor BUFT 16, L_0x7f96b5309a40, C4<0000000000000000>, C4<0000000000000000>, C4<0000000000000000>;
L_0x7f96b5309a88 .functor BUFT 1, C4<0000000000000000>, C4<0>, C4<0>, C4<0>;
L_0x55cbe38bc1d0 .functor BUFT 16, L_0x7f96b5309a88, C4<0000000000000000>, C4<0000000000000000>, C4<0000000000000000>;
v0x55cbe3879800_0 .net *"_s1", 0 0, L_0x55cbe388a930;  1 drivers
v0x55cbe3879900_0 .net *"_s100", 31 0, L_0x55cbe389ce30;  1 drivers
L_0x7f96b5308408 .functor BUFT 1, C4<0000000000000000000000>, C4<0>, C4<0>, C4<0>;
v0x55cbe38799e0_0 .net *"_s103", 21 0, L_0x7f96b5308408;  1 drivers
L_0x7f96b5308450 .functor BUFT 1, C4<00000000000000000000000000000000>, C4<0>, C4<0>, C4<0>;
v0x55cbe3879aa0_0 .net/2u *"_s104", 31 0, L_0x7f96b5308450;  1 drivers
v0x55cbe3879b80_0 .net *"_s106", 0 0, L_0x55cbe389cf20;  1 drivers
v0x55cbe3879c40_0 .net *"_s110", 31 0, L_0x55cbe389d260;  1 drivers
L_0x7f96b5308498 .functor BUFT 1, C4<000000000000000000000000000>, C4<0>, C4<0>, C4<0>;
v0x55cbe3879d20_0 .net *"_s113", 26 0, L_0x7f96b5308498;  1 drivers
L_0x7f96b53084e0 .functor BUFT 1, C4<00000000000000000000000000000000>, C4<0>, C4<0>, C4<0>;
v0x55cbe3879e00_0 .net/2u *"_s114", 31 0, L_0x7f96b53084e0;  1 drivers
v0x55cbe3879ee0_0 .net *"_s116", 0 0, L_0x55cbe389d350;  1 drivers
v0x55cbe3879fa0_0 .net *"_s118", 31 0, L_0x55cbe389d590;  1 drivers
L_0x7f96b5308528 .functor BUFT 1, C4<0000000000000000000000>, C4<0>, C4<0>, C4<0>;
v0x55cbe387a080_0 .net *"_s121", 21 0, L_0x7f96b5308528;  1 drivers
L_0x7f96b5308570 .functor BUFT 1, C4<00000000000000000000000000000000>, C4<0>, C4<0>, C4<0>;
v0x55cbe387a160_0 .net/2u *"_s122", 31 0, L_0x7f96b5308570;  1 drivers
v0x55cbe387a240_0 .net *"_s124", 0 0, L_0x55cbe389d680;  1 drivers
v0x55cbe387a300_0 .net *"_s13", 4 0, L_0x55cbe388ad00;  1 drivers
L_0x7f96b53085b8 .functor BUFT 1, C4<001010>, C4<0>, C4<0>, C4<0>;
v0x55cbe387a3e0_0 .net/2u *"_s132", 5 0, L_0x7f96b53085b8;  1 drivers
v0x55cbe387a4c0_0 .net *"_s136", 0 0, L_0x55cbe389def0;  1 drivers
L_0x7f96b5308600 .functor BUFT 1, C4<10>, C4<0>, C4<0>, C4<0>;
v0x55cbe387a580_0 .net/2u *"_s138", 1 0, L_0x7f96b5308600;  1 drivers
v0x55cbe387a660_0 .net *"_s140", 0 0, L_0x55cbe389df90;  1 drivers
L_0x7f96b5308648 .functor BUFT 1, C4<00>, C4<0>, C4<0>, C4<0>;
v0x55cbe387a720_0 .net/2u *"_s142", 1 0, L_0x7f96b5308648;  1 drivers
L_0x7f96b5308690 .functor BUFT 1, C4<01>, C4<0>, C4<0>, C4<0>;
v0x55cbe387a800_0 .net/2u *"_s144", 1 0, L_0x7f96b5308690;  1 drivers
v0x55cbe387a8e0_0 .net *"_s146", 1 0, L_0x55cbe389de30;  1 drivers
v0x55cbe387a9c0_0 .net *"_s15", 4 0, L_0x55cbe388add0;  1 drivers
v0x55cbe387aaa0_0 .net *"_s151", 0 0, L_0x55cbe389e4e0;  1 drivers
v0x55cbe387ab80_0 .net *"_s152", 5 0, L_0x55cbe389e5d0;  1 drivers
L_0x7f96b53086d8 .functor BUFT 1, C4<0>, C4<0>, C4<0>, C4<0>;
v0x55cbe387ac60_0 .net *"_s155", 0 0, L_0x7f96b53086d8;  1 drivers
v0x55cbe387ad40_0 .net *"_s156", 5 0, L_0x55cbe389e810;  1 drivers
L_0x7f96b5308720 .functor BUFT 1, C4<0>, C4<0>, C4<0>, C4<0>;
v0x55cbe387ae20_0 .net *"_s159", 0 0, L_0x7f96b5308720;  1 drivers
v0x55cbe387af00_0 .net *"_s163", 0 0, L_0x55cbe389ec40;  1 drivers
v0x55cbe387afe0_0 .net *"_s165", 0 0, L_0x55cbe389ece0;  1 drivers
v0x55cbe387b0a0_0 .net *"_s166", 5 0, L_0x55cbe389ef40;  1 drivers
L_0x7f96b5308768 .functor BUFT 1, C4<0>, C4<0>, C4<0>, C4<0>;
v0x55cbe387b180_0 .net *"_s169", 0 0, L_0x7f96b5308768;  1 drivers
v0x55cbe387b260_0 .net *"_s170", 5 0, L_0x55cbe389f030;  1 drivers
L_0x7f96b53087b0 .functor BUFT 1, C4<0>, C4<0>, C4<0>, C4<0>;
v0x55cbe387b340_0 .net *"_s173", 0 0, L_0x7f96b53087b0;  1 drivers
v0x55cbe387b630_0 .net *"_s177", 0 0, L_0x55cbe389f480;  1 drivers
L_0x7f96b53087f8 .functor BUFT 1, C4<1>, C4<0>, C4<0>, C4<0>;
v0x55cbe387b710_0 .net/2u *"_s178", 0 0, L_0x7f96b53087f8;  1 drivers
v0x55cbe387b7f0_0 .net *"_s180", 10 0, L_0x55cbe389f740;  1 drivers
L_0x7f96b5308840 .functor BUFT 1, C4<1>, C4<0>, C4<0>, C4<0>;
v0x55cbe387b8d0_0 .net/2u *"_s182", 0 0, L_0x7f96b5308840;  1 drivers
v0x55cbe387b9b0_0 .net *"_s184", 10 0, L_0x55cbe389f870;  1 drivers
v0x55cbe387ba90_0 .net *"_s189", 0 0, L_0x55cbe389fc80;  1 drivers
v0x55cbe387bb70_0 .net *"_s19", 4 0, L_0x55cbe388af30;  1 drivers
v0x55cbe387bc50_0 .net *"_s191", 0 0, L_0x55cbe389f9a0;  1 drivers
L_0x7f96b5308888 .functor BUFT 1, C4<1>, C4<0>, C4<0>, C4<0>;
v0x55cbe387bd10_0 .net/2u *"_s192", 0 0, L_0x7f96b5308888;  1 drivers
v0x55cbe387bdf0_0 .net *"_s194", 10 0, L_0x55cbe389fa90;  1 drivers
L_0x7f96b53088d0 .functor BUFT 1, C4<1>, C4<0>, C4<0>, C4<0>;
v0x55cbe387bed0_0 .net/2u *"_s196", 0 0, L_0x7f96b53088d0;  1 drivers
v0x55cbe387bfb0_0 .net *"_s198", 10 0, L_0x55cbe38a00e0;  1 drivers
v0x55cbe387c090_0 .net *"_s204", 31 0, L_0x55cbe38a06f0;  1 drivers
L_0x7f96b5308918 .functor BUFT 1, C4<0000000000000000000000000000000>, C4<0>, C4<0>, C4<0>;
v0x55cbe387c170_0 .net *"_s207", 30 0, L_0x7f96b5308918;  1 drivers
L_0x7f96b5308960 .functor BUFT 1, C4<00000000000000000000000000000000>, C4<0>, C4<0>, C4<0>;
v0x55cbe387c250_0 .net/2u *"_s208", 31 0, L_0x7f96b5308960;  1 drivers
v0x55cbe387c330_0 .net *"_s21", 4 0, L_0x55cbe388afd0;  1 drivers
v0x55cbe387c410_0 .net *"_s210", 0 0, L_0x55cbe38a0970;  1 drivers
L_0x7f96b53089a8 .functor BUFT 1, C4<1>, C4<0>, C4<0>, C4<0>;
v0x55cbe387c4d0_0 .net/2u *"_s212", 0 0, L_0x7f96b53089a8;  1 drivers
L_0x7f96b53089f0 .functor BUFT 1, C4<0>, C4<0>, C4<0>, C4<0>;
v0x55cbe387c5b0_0 .net/2u *"_s214", 0 0, L_0x7f96b53089f0;  1 drivers
v0x55cbe387c690_0 .net *"_s216", 0 0, L_0x55cbe38a0ab0;  1 drivers
v0x55cbe387c770_0 .net *"_s218", 31 0, L_0x55cbe38a0e30;  1 drivers
L_0x7f96b5308a38 .functor BUFT 1, C4<0000000000000000000000000000000>, C4<0>, C4<0>, C4<0>;
v0x55cbe387c850_0 .net *"_s221", 30 0, L_0x7f96b5308a38;  1 drivers
L_0x7f96b5308a80 .functor BUFT 1, C4<00000000000000000000000000000000>, C4<0>, C4<0>, C4<0>;
v0x55cbe387c930_0 .net/2u *"_s222", 31 0, L_0x7f96b5308a80;  1 drivers
v0x55cbe387ca10_0 .net *"_s224", 0 0, L_0x55cbe38a0f20;  1 drivers
v0x55cbe387cad0_0 .net *"_s227", 0 0, L_0x55cbe38a1260;  1 drivers
v0x55cbe387cbb0_0 .net *"_s229", 0 0, L_0x55cbe38a1300;  1 drivers
v0x55cbe387cc90_0 .net *"_s231", 0 0, L_0x55cbe38a15b0;  1 drivers
v0x55cbe387cd50_0 .net *"_s232", 0 0, L_0x55cbe38a16a0;  1 drivers
v0x55cbe387ce10_0 .net *"_s234", 0 0, L_0x55cbe38a1960;  1 drivers
v0x55cbe387cef0_0 .net *"_s237", 0 0, L_0x55cbe38a1af0;  1 drivers
v0x55cbe387cfd0_0 .net *"_s239", 0 0, L_0x55cbe38a1dc0;  1 drivers
v0x55cbe387d0b0_0 .net *"_s240", 0 0, L_0x55cbe38a1e60;  1 drivers
v0x55cbe387d580_0 .net *"_s242", 0 0, L_0x55cbe38a2140;  1 drivers
v0x55cbe387d660_0 .net *"_s244", 0 0, L_0x55cbe38a2300;  1 drivers
v0x55cbe387d740_0 .net *"_s25", 9 0, L_0x55cbe388b0c0;  1 drivers
L_0x7f96b5308be8 .functor BUFT 1, C4<00000>, C4<0>, C4<0>, C4<0>;
v0x55cbe387d820_0 .net *"_s251", 4 0, L_0x7f96b5308be8;  1 drivers
v0x55cbe387d900_0 .net *"_s260", 0 0, L_0x55cbe38a6d60;  1 drivers
v0x55cbe387d9e0_0 .net *"_s261", 16 0, L_0x55cbe38a6e00;  1 drivers
L_0x7f96b5308c78 .functor BUFT 1, C4<0>, C4<0>, C4<0>, C4<0>;
v0x55cbe387dac0_0 .net *"_s264", 0 0, L_0x7f96b5308c78;  1 drivers
v0x55cbe387dba0_0 .net *"_s265", 16 0, L_0x55cbe38a7170;  1 drivers
L_0x7f96b5308cc0 .functor BUFT 1, C4<0>, C4<0>, C4<0>, C4<0>;
v0x55cbe387dc80_0 .net *"_s268", 0 0, L_0x7f96b5308cc0;  1 drivers
v0x55cbe387dd60_0 .net *"_s269", 16 0, L_0x55cbe38a7260;  1 drivers
v0x55cbe387de40_0 .net *"_s27", 9 0, L_0x55cbe388b160;  1 drivers
v0x55cbe387df20_0 .net *"_s271", 16 0, L_0x55cbe38a7680;  1 drivers
v0x55cbe387e000_0 .net *"_s273", 16 0, L_0x55cbe38a7720;  1 drivers
v0x55cbe387e0e0_0 .net *"_s277", 0 0, L_0x55cbe38a7bf0;  1 drivers
v0x55cbe387e1c0_0 .net *"_s279", 0 0, L_0x55cbe38a7d00;  1 drivers
v0x55cbe387e2a0_0 .net *"_s282", 0 0, L_0x55cbe38a7e10;  1 drivers
v0x55cbe387e380_0 .net *"_s283", 10 0, L_0x55cbe38a8160;  1 drivers
L_0x7f96b5308d08 .functor BUFT 1, C4<00000000001>, C4<0>, C4<0>, C4<0>;
v0x55cbe387e460_0 .net/2u *"_s285", 10 0, L_0x7f96b5308d08;  1 drivers
v0x55cbe387e540_0 .net *"_s287", 10 0, L_0x55cbe38a8280;  1 drivers
v0x55cbe387e620_0 .net *"_s289", 10 0, L_0x55cbe38a83e0;  1 drivers
v0x55cbe387e700_0 .net *"_s291", 10 0, L_0x55cbe38a87e0;  1 drivers
v0x55cbe387e7e0_0 .net *"_s295", 10 0, L_0x55cbe38a8d70;  1 drivers
L_0x7f96b5308d50 .functor BUFT 1, C4<0000000000>, C4<0>, C4<0>, C4<0>;
v0x55cbe387e8c0_0 .net *"_s298", 9 0, L_0x7f96b5308d50;  1 drivers
v0x55cbe387e9a0_0 .net *"_s299", 10 0, L_0x55cbe38a8e60;  1 drivers
v0x55cbe387ea80_0 .net *"_s3", 0 0, L_0x55cbe388aa30;  1 drivers
L_0x7f96b5308d98 .functor BUFT 1, C4<00000000000>, C4<0>, C4<0>, C4<0>;
v0x55cbe387eb60_0 .net/2u *"_s301", 10 0, L_0x7f96b5308d98;  1 drivers
v0x55cbe387ec40_0 .net *"_s303", 0 0, L_0x55cbe38a9280;  1 drivers
v0x55cbe387ed00_0 .net *"_s305", 10 0, L_0x55cbe38a8320;  1 drivers
L_0x7f96b5308de0 .functor BUFT 1, C4<00000000001>, C4<0>, C4<0>, C4<0>;
v0x55cbe387ede0_0 .net/2u *"_s307", 10 0, L_0x7f96b5308de0;  1 drivers
v0x55cbe387eec0_0 .net *"_s309", 10 0, L_0x55cbe38a9410;  1 drivers
v0x55cbe387efa0_0 .net *"_s31", 9 0, L_0x55cbe388b290;  1 drivers
v0x55cbe387f080_0 .net *"_s313", 19 0, L_0x55cbe38a99f0;  1 drivers
L_0x7f96b5308e28 .functor BUFT 1, C4<0000000000>, C4<0>, C4<0>, C4<0>;
v0x55cbe387f160_0 .net *"_s316", 9 0, L_0x7f96b5308e28;  1 drivers
v0x55cbe387f240_0 .net *"_s317", 19 0, L_0x55cbe38a9ef0;  1 drivers
L_0x7f96b5308e70 .functor BUFT 1, C4<0000000000>, C4<0>, C4<0>, C4<0>;
v0x55cbe387f320_0 .net *"_s320", 9 0, L_0x7f96b5308e70;  1 drivers
v0x55cbe387f400_0 .net *"_s323", 5 0, L_0x55cbe38aa540;  1 drivers
L_0x7f96b5308eb8 .functor BUFT 1, C4<0>, C4<0>, C4<0>, C4<0>;
v0x55cbe387f4e0_0 .net *"_s326", 0 0, L_0x7f96b5308eb8;  1 drivers
v0x55cbe387f5c0_0 .net *"_s327", 5 0, L_0x55cbe38aa740;  1 drivers
v0x55cbe387f6a0_0 .net *"_s33", 9 0, L_0x55cbe388b360;  1 drivers
L_0x7f96b5308f00 .functor BUFT 1, C4<0>, C4<0>, C4<0>, C4<0>;
v0x55cbe387f780_0 .net *"_s330", 0 0, L_0x7f96b5308f00;  1 drivers
v0x55cbe387f860_0 .net *"_s331", 5 0, L_0x55cbe38aac60;  1 drivers
L_0x7f96b5308f48 .functor BUFT 1, C4<001111>, C4<0>, C4<0>, C4<0>;
v0x55cbe387f940_0 .net/2u *"_s333", 5 0, L_0x7f96b5308f48;  1 drivers
v0x55cbe387fa20_0 .net *"_s337", 0 0, L_0x55cbe38a94b0;  1 drivers
v0x55cbe387fb00_0 .net *"_s340", 4 0, L_0x55cbe38ab280;  1 drivers
v0x55cbe387fbe0_0 .net *"_s342", 9 0, L_0x55cbe38ab370;  1 drivers
v0x55cbe387fcc0_0 .net *"_s343", 15 0, L_0x55cbe38ab7a0;  1 drivers
v0x55cbe387fda0_0 .net *"_s347", 31 0, L_0x55cbe38ab930;  1 drivers
L_0x7f96b5308f90 .functor BUFT 1, C4<0000000000000000>, C4<0>, C4<0>, C4<0>;
v0x55cbe387fe80_0 .net *"_s350", 15 0, L_0x7f96b5308f90;  1 drivers
L_0x7f96b5308fd8 .functor BUFT 1, C4<00000000000000000000000000000000>, C4<0>, C4<0>, C4<0>;
v0x55cbe387ff60_0 .net/2u *"_s351", 31 0, L_0x7f96b5308fd8;  1 drivers
v0x55cbe3880040_0 .net *"_s353", 0 0, L_0x55cbe38abd70;  1 drivers
v0x55cbe3880100_0 .net *"_s355", 4 0, L_0x55cbe38abeb0;  1 drivers
L_0x7f96b5309020 .functor BUFT 1, C4<0>, C4<0>, C4<0>, C4<0>;
v0x55cbe38801e0_0 .net *"_s358", 0 0, L_0x7f96b5309020;  1 drivers
L_0x7f96b5309068 .functor BUFT 1, C4<01111>, C4<0>, C4<0>, C4<0>;
v0x55cbe38802c0_0 .net/2u *"_s359", 4 0, L_0x7f96b5309068;  1 drivers
v0x55cbe38803a0_0 .net *"_s36", 31 0, L_0x55cbe388b4a0;  1 drivers
v0x55cbe3880480_0 .net *"_s361", 4 0, L_0x55cbe38ac300;  1 drivers
L_0x7f96b53090b0 .functor BUFT 1, C4<00000>, C4<0>, C4<0>, C4<0>;
v0x55cbe3880560_0 .net/2u *"_s363", 4 0, L_0x7f96b53090b0;  1 drivers
v0x55cbe3880640_0 .net *"_s368", 14 0, L_0x55cbe38b06e0;  1 drivers
L_0x7f96b5309218 .functor BUFT 1, C4<0>, C4<0>, C4<0>, C4<0>;
v0x55cbe3880720_0 .net/2u *"_s369", 0 0, L_0x7f96b5309218;  1 drivers
v0x55cbe3880800_0 .net *"_s375", 31 0, L_0x55cbe38b0d50;  1 drivers
L_0x7f96b53092a8 .functor BUFT 1, C4<0000000000000000000000000000>, C4<0>, C4<0>, C4<0>;
v0x55cbe38808e0_0 .net *"_s378", 27 0, L_0x7f96b53092a8;  1 drivers
L_0x7f96b53092f0 .functor BUFT 1, C4<00000000000000000000000000000001>, C4<0>, C4<0>, C4<0>;
v0x55cbe38809c0_0 .net/2u *"_s379", 31 0, L_0x7f96b53092f0;  1 drivers
v0x55cbe3880aa0_0 .net *"_s381", 31 0, L_0x55cbe38b0e90;  1 drivers
v0x55cbe3880b80_0 .net *"_s386", 0 0, L_0x55cbe38b14c0;  1 drivers
v0x55cbe3880c60_0 .net *"_s388", 10 0, L_0x55cbe38b1a10;  1 drivers
v0x55cbe3881550_0 .net *"_s389", 16 0, L_0x55cbe38b1ab0;  1 drivers
L_0x7f96b5308018 .functor BUFT 1, C4<0000000000000000000000>, C4<0>, C4<0>, C4<0>;
v0x55cbe3881630_0 .net *"_s39", 21 0, L_0x7f96b5308018;  1 drivers
L_0x7f96b5309338 .functor BUFT 1, C4<000001>, C4<0>, C4<0>, C4<0>;
v0x55cbe3881710_0 .net/2u *"_s393", 5 0, L_0x7f96b5309338;  1 drivers
v0x55cbe38817f0_0 .net *"_s396", 9 0, L_0x55cbe38b20e0;  1 drivers
v0x55cbe38818d0_0 .net *"_s397", 15 0, L_0x55cbe38b2540;  1 drivers
v0x55cbe38819b0_0 .net *"_s399", 15 0, L_0x55cbe38b0f30;  1 drivers
L_0x7f96b5308060 .functor BUFT 1, C4<00000000000000000000000000000000>, C4<0>, C4<0>, C4<0>;
v0x55cbe3881a90_0 .net/2u *"_s40", 31 0, L_0x7f96b5308060;  1 drivers
L_0x7f96b5309380 .functor BUFT 1, C4<0000000000000001>, C4<0>, C4<0>, C4<0>;
v0x55cbe3881b70_0 .net/2u *"_s401", 15 0, L_0x7f96b5309380;  1 drivers
v0x55cbe3881c50_0 .net *"_s403", 15 0, L_0x55cbe38b26d0;  1 drivers
L_0x7f96b53093c8 .functor BUFT 1, C4<000001>, C4<0>, C4<0>, C4<0>;
v0x55cbe3881d30_0 .net/2u *"_s405", 5 0, L_0x7f96b53093c8;  1 drivers
v0x55cbe3881e10_0 .net *"_s408", 9 0, L_0x55cbe38b2c50;  1 drivers
v0x55cbe3881ef0_0 .net *"_s409", 15 0, L_0x55cbe38b2cf0;  1 drivers
L_0x7f96b5309410 .functor BUFT 1, C4<11010>, C4<0>, C4<0>, C4<0>;
v0x55cbe3881fd0_0 .net/2u *"_s413", 4 0, L_0x7f96b5309410;  1 drivers
v0x55cbe38820b0_0 .net *"_s415", 0 0, L_0x55cbe38b33a0;  1 drivers
L_0x7f96b5309458 .functor BUFT 1, C4<0>, C4<0>, C4<0>, C4<0>;
v0x55cbe3882170_0 .net/2u *"_s417", 0 0, L_0x7f96b5309458;  1 drivers
L_0x7f96b53094a0 .functor BUFT 1, C4<1>, C4<0>, C4<0>, C4<0>;
v0x55cbe3882250_0 .net/2u *"_s419", 0 0, L_0x7f96b53094a0;  1 drivers
v0x55cbe3882330_0 .net *"_s42", 0 0, L_0x55cbe389b610;  1 drivers
L_0x7f96b53094e8 .functor BUFT 1, C4<01010>, C4<0>, C4<0>, C4<0>;
v0x55cbe38823f0_0 .net/2u *"_s423", 4 0, L_0x7f96b53094e8;  1 drivers
v0x55cbe38824d0_0 .net *"_s425", 4 0, L_0x55cbe38b3a10;  1 drivers
L_0x7f96b5309530 .functor BUFT 1, C4<01010>, C4<0>, C4<0>, C4<0>;
v0x55cbe38825b0_0 .net/2u *"_s427", 4 0, L_0x7f96b5309530;  1 drivers
v0x55cbe3882690_0 .net *"_s429", 4 0, L_0x55cbe38b3f00;  1 drivers
v0x55cbe3882770_0 .net *"_s431", 4 0, L_0x55cbe38b3ff0;  1 drivers
L_0x7f96b5309578 .functor BUFT 1, C4<10000>, C4<0>, C4<0>, C4<0>;
v0x55cbe3882850_0 .net/2u *"_s435", 4 0, L_0x7f96b5309578;  1 drivers
L_0x7f96b53096e0 .functor BUFT 1, C4<1>, C4<0>, C4<0>, C4<0>;
v0x55cbe3882930_0 .net/2u *"_s439", 0 0, L_0x7f96b53096e0;  1 drivers
L_0x7f96b53080a8 .functor BUFT 1, C4<11111>, C4<0>, C4<0>, C4<0>;
v0x55cbe3882a10_0 .net/2u *"_s44", 4 0, L_0x7f96b53080a8;  1 drivers
L_0x7f96b5309728 .functor BUFT 1, C4<0000000000000000>, C4<0>, C4<0>, C4<0>;
v0x55cbe3882af0_0 .net/2u *"_s443", 15 0, L_0x7f96b5309728;  1 drivers
v0x55cbe3882bd0_0 .net *"_s446", 0 0, L_0x55cbe38b8a30;  1 drivers
v0x55cbe3882cb0_0 .net *"_s448", 14 0, L_0x55cbe38b47c0;  1 drivers
v0x55cbe3882d90_0 .net *"_s449", 15 0, L_0x55cbe38b4860;  1 drivers
v0x55cbe3882e70_0 .net *"_s458", 8 0, L_0x55cbe38b9010;  1 drivers
L_0x7f96b5309770 .functor BUFT 1, C4<001110000>, C4<0>, C4<0>, C4<0>;
v0x55cbe3882f50_0 .net/2u *"_s459", 8 0, L_0x7f96b5309770;  1 drivers
v0x55cbe3883030_0 .net *"_s46", 0 0, L_0x55cbe389b800;  1 drivers
v0x55cbe38830f0_0 .net *"_s461", 8 0, L_0x55cbe38b8ad0;  1 drivers
v0x55cbe38831d0_0 .net *"_s465", 7 0, L_0x55cbe38b8d70;  1 drivers
L_0x7f96b53097b8 .functor BUFT 1, C4<000>, C4<0>, C4<0>, C4<0>;
v0x55cbe38832b0_0 .net *"_s468", 2 0, L_0x7f96b53097b8;  1 drivers
L_0x7f96b5309800 .functor BUFT 1, C4<01110000>, C4<0>, C4<0>, C4<0>;
v0x55cbe3883390_0 .net/2u *"_s469", 7 0, L_0x7f96b5309800;  1 drivers
v0x55cbe3883470_0 .net *"_s474", 0 0, L_0x55cbe38b90b0;  1 drivers
v0x55cbe3883550_0 .net *"_s476", 4 0, L_0x55cbe38b91a0;  1 drivers
v0x55cbe3883630_0 .net *"_s478", 9 0, L_0x55cbe38b9290;  1 drivers
v0x55cbe3883710_0 .net *"_s482", 0 0, L_0x55cbe38b9a60;  1 drivers
L_0x7f96b5309848 .functor BUFT 1, C4<0000000000000>, C4<0>, C4<0>, C4<0>;
v0x55cbe38837f0_0 .net/2u *"_s483", 12 0, L_0x7f96b5309848;  1 drivers
v0x55cbe38838d0_0 .net *"_s488", 0 0, L_0x55cbe38b95c0;  1 drivers
L_0x7f96b5309890 .functor BUFT 1, C4<0000000000000000>, C4<0>, C4<0>, C4<0>;
v0x55cbe3883990_0 .net/2u *"_s489", 15 0, L_0x7f96b5309890;  1 drivers
v0x55cbe3883a70_0 .net *"_s491", 15 0, L_0x55cbe38b9660;  1 drivers
v0x55cbe3883b50_0 .net *"_s493", 0 0, L_0x55cbe38b8b70;  1 drivers
L_0x7f96b53098d8 .functor BUFT 1, C4<0000000000000000>, C4<0>, C4<0>, C4<0>;
v0x55cbe3883c30_0 .net/2u *"_s495", 15 0, L_0x7f96b53098d8;  1 drivers
v0x55cbe3883d10_0 .net *"_s497", 15 0, L_0x55cbe38b9900;  1 drivers
v0x55cbe3883df0_0 .net *"_s499", 15 0, L_0x55cbe38ab210;  1 drivers
v0x55cbe3883ed0_0 .net *"_s50", 31 0, L_0x55cbe389b9f0;  1 drivers
L_0x7f96b5309920 .functor BUFT 1, C4<0000000000000000>, C4<0>, C4<0>, C4<0>;
v0x55cbe3883fb0_0 .net/2u *"_s501", 15 0, L_0x7f96b5309920;  1 drivers
v0x55cbe3884090_0 .net *"_s503", 15 0, L_0x55cbe38ba1a0;  1 drivers
v0x55cbe3884170_0 .net *"_s505", 15 0, L_0x55cbe38b9ce0;  1 drivers
v0x55cbe3884250_0 .net/2u *"_s507", 15 0, L_0x7f96b5309968;  1 drivers
v0x55cbe3884330_0 .net *"_s509", 15 0, L_0x55cbe38bbb80;  1 drivers
v0x55cbe3884410_0 .net *"_s511", 15 0, L_0x55cbe38b9e80;  1 drivers
v0x55cbe38844f0_0 .net/2u *"_s513", 15 0, L_0x7f96b53099b0;  1 drivers
v0x55cbe38845d0_0 .net *"_s515", 15 0, L_0x55cbe38bbc90;  1 drivers
v0x55cbe38846b0_0 .net *"_s517", 15 0, L_0x55cbe38b9f40;  1 drivers
v0x55cbe3884790_0 .net/2u *"_s519", 15 0, L_0x7f96b53099f8;  1 drivers
v0x55cbe3884870_0 .net *"_s521", 15 0, L_0x55cbe38bbea0;  1 drivers
v0x55cbe3884950_0 .net *"_s523", 15 0, L_0x55cbe38ba710;  1 drivers
v0x55cbe3884a30_0 .net/2u *"_s525", 15 0, L_0x7f96b5309a40;  1 drivers
v0x55cbe3884b10_0 .net *"_s527", 15 0, L_0x55cbe38bbfb0;  1 drivers
v0x55cbe3884bf0_0 .net *"_s529", 15 0, L_0x55cbe38ba7d0;  1 drivers
L_0x7f96b53080f0 .functor BUFT 1, C4<0000000000000000000000>, C4<0>, C4<0>, C4<0>;
v0x55cbe3884cd0_0 .net *"_s53", 21 0, L_0x7f96b53080f0;  1 drivers
v0x55cbe3884db0_0 .net/2u *"_s531", 15 0, L_0x7f96b5309a88;  1 drivers
v0x55cbe3884e90_0 .net *"_s533", 15 0, L_0x55cbe38bc1d0;  1 drivers
v0x55cbe3884f70_0 .net *"_s539", 14 0, L_0x55cbe38ba000;  1 drivers
L_0x7f96b5308138 .functor BUFT 1, C4<00000000000000000000000000000000>, C4<0>, C4<0>, C4<0>;
v0x55cbe3885050_0 .net/2u *"_s54", 31 0, L_0x7f96b5308138;  1 drivers
v0x55cbe3885130_0 .net *"_s56", 0 0, L_0x55cbe389bbf0;  1 drivers
L_0x7f96b5308180 .functor BUFT 1, C4<11111>, C4<0>, C4<0>, C4<0>;
v0x55cbe38851f0_0 .net/2u *"_s58", 4 0, L_0x7f96b5308180;  1 drivers
v0x55cbe38852d0_0 .net *"_s60", 0 0, L_0x55cbe389bd30;  1 drivers
v0x55cbe3885390_0 .net *"_s64", 31 0, L_0x55cbe389c000;  1 drivers
L_0x7f96b53081c8 .functor BUFT 1, C4<0000000000000000000000>, C4<0>, C4<0>, C4<0>;
v0x55cbe3885470_0 .net *"_s67", 21 0, L_0x7f96b53081c8;  1 drivers
L_0x7f96b5308210 .functor BUFT 1, C4<00000000000000000000000000000000>, C4<0>, C4<0>, C4<0>;
v0x55cbe3885550_0 .net/2u *"_s68", 31 0, L_0x7f96b5308210;  1 drivers
v0x55cbe3885630_0 .net *"_s7", 0 0, L_0x55cbe388ab30;  1 drivers
v0x55cbe3885710_0 .net *"_s70", 0 0, L_0x55cbe389c140;  1 drivers
L_0x7f96b5308258 .functor BUFT 1, C4<11111>, C4<0>, C4<0>, C4<0>;
v0x55cbe38857d0_0 .net/2u *"_s72", 4 0, L_0x7f96b5308258;  1 drivers
v0x55cbe38858b0_0 .net *"_s74", 0 0, L_0x55cbe389be50;  1 drivers
v0x55cbe3885970_0 .net *"_s78", 31 0, L_0x55cbe389c490;  1 drivers
L_0x7f96b53082a0 .functor BUFT 1, C4<0000000000000000000000>, C4<0>, C4<0>, C4<0>;
v0x55cbe3885a50_0 .net *"_s81", 21 0, L_0x7f96b53082a0;  1 drivers
L_0x7f96b53082e8 .functor BUFT 1, C4<00000000000000000000000000000000>, C4<0>, C4<0>, C4<0>;
v0x55cbe3885b30_0 .net/2u *"_s82", 31 0, L_0x7f96b53082e8;  1 drivers
v0x55cbe3885c10_0 .net *"_s84", 0 0, L_0x55cbe389c690;  1 drivers
L_0x7f96b5308330 .functor BUFT 1, C4<11111>, C4<0>, C4<0>, C4<0>;
v0x55cbe3885cd0_0 .net/2u *"_s86", 4 0, L_0x7f96b5308330;  1 drivers
v0x55cbe3885db0_0 .net *"_s88", 0 0, L_0x55cbe389c7d0;  1 drivers
v0x55cbe3885e70_0 .net *"_s9", 0 0, L_0x55cbe388ac00;  1 drivers
v0x55cbe3885f50_0 .net *"_s92", 31 0, L_0x55cbe389cb20;  1 drivers
L_0x7f96b5308378 .functor BUFT 1, C4<000000000000000000000000000>, C4<0>, C4<0>, C4<0>;
v0x55cbe3886030_0 .net *"_s95", 26 0, L_0x7f96b5308378;  1 drivers
L_0x7f96b53083c0 .functor BUFT 1, C4<00000000000000000000000000000000>, C4<0>, C4<0>, C4<0>;
v0x55cbe3886110_0 .net/2u *"_s96", 31 0, L_0x7f96b53083c0;  1 drivers
v0x55cbe38861f0_0 .net *"_s98", 0 0, L_0x55cbe389cc10;  1 drivers
v0x55cbe38862b0_0 .net "acalc", 15 0, L_0x55cbe38a7b00;  1 drivers
v0x55cbe3886390_0 .net "addsel", 0 0, v0x55cbe388a350_0;  1 drivers
v0x55cbe3886450_0 .net "aligned_out", 10 0, L_0x55cbe38a6a00;  1 drivers
v0x55cbe3886530_0 .net "aout", 10 0, L_0x55cbe38a98b0;  1 drivers
v0x55cbe3886610_0 .net "aval", 9 0, L_0x55cbe38a8960;  1 drivers
v0x55cbe38866f0_0 .net "base_larger", 10 0, L_0x55cbe389fb40;  1 drivers
v0x55cbe38867d0_0 .net "base_smaller", 10 0, L_0x55cbe38a01d0;  1 drivers
v0x55cbe38868b0_0 .net "belowzero", 0 0, L_0x55cbe38b46d0;  1 drivers
v0x55cbe3886970_0 .net "diff_sym", 0 0, L_0x55cbe389da50;  1 drivers
L_0x7f96b5309ad0 .functor BUFT 1, C4<1>, C4<0>, C4<0>, C4<0>;
v0x55cbe3886a30_0 .net "enable", 0 0, L_0x7f96b5309ad0;  1 drivers
v0x55cbe3886af0_0 .net "eq", 0 0, L_0x55cbe38a0530;  1 drivers
v0x55cbe3886bb0_0 .net "exp1", 4 0, L_0x55cbe38bb4d0;  1 drivers
v0x55cbe3886c90_0 .net "exp2", 4 0, L_0x55cbe38bb660;  1 drivers
v0x55cbe3886d70_0 .net "exp_cmp", 1 0, L_0x55cbe389e210;  1 drivers
v0x55cbe3886e50_0 .net "exp_dif1", 5 0, L_0x55cbe389e900;  1 drivers
v0x55cbe3886f30_0 .net "exp_dif2", 5 0, L_0x55cbe389f2a0;  1 drivers
v0x55cbe3887010_0 .net "exp_diff", 5 0, L_0x55cbe389dac0;  1 drivers
v0x55cbe38870f0_0 .var "exp_get", 3 0;
v0x55cbe38871d0_0 .net "expmul", 5 0, L_0x55cbe38aada0;  1 drivers
v0x55cbe38872b0_0 .net "fticalc", 15 0, L_0x55cbe38b49a0;  1 drivers
v0x55cbe3887390_0 .net "ftiexp", 3 0, L_0x55cbe38b4590;  1 drivers
L_0x7f96b5309c38 .functor BUFT 1, C4<0>, C4<0>, C4<0>, C4<0>;
v0x55cbe3887450_0 .net "ftisel", 0 0, L_0x7f96b5309c38;  1 drivers
v0x55cbe38874f0_0 .net "ftishift", 15 0, L_0x55cbe38b8830;  1 drivers
v0x55cbe38875e0_0 .net "ftishiftdir", 0 0, L_0x55cbe38b3880;  1 drivers
v0x55cbe3887680_0 .net "ftival", 15 0, L_0x55cbe38b3210;  1 drivers
v0x55cbe3887770_0 .net "ftlexpgen", 7 0, L_0x55cbe38b8c80;  1 drivers
v0x55cbe3887830_0 .net "ftlout", 15 0, L_0x55cbe38b9330;  1 drivers
L_0x7f96b5309d58 .functor BUFT 1, C4<0>, C4<0>, C4<0>, C4<0>;
v0x55cbe3887910_0 .net "ftlsel", 0 0, L_0x7f96b5309d58;  1 drivers
L_0x7f96b5309d10 .functor BUFT 1, C4<00000000000000000000000000000000>, C4<0>, C4<0>, C4<0>;
v0x55cbe38879d0_0 .net "fullin", 31 0, L_0x7f96b5309d10;  1 drivers
v0x55cbe3887ab0_0 .net "fullout", 31 0, L_0x55cbe38b9b00;  1 drivers
v0x55cbe3887b90_0 .net "gt", 0 0, L_0x55cbe38a26e0;  1 drivers
v0x55cbe3887c50_0 .net "inf1", 0 0, L_0x55cbe389c380;  1 drivers
v0x55cbe3887d10_0 .net "inf2", 0 0, L_0x55cbe389c9e0;  1 drivers
v0x55cbe3887dd0_0 .net "itf_exp", 4 0, L_0x55cbe38ac4b0;  1 drivers
v0x55cbe3887eb0_0 .net "itf_shift", 15 0, L_0x55cbe38b05d0;  1 drivers
v0x55cbe3887fa0_0 .net "itfcalc", 15 0, L_0x55cbe38b1ff0;  1 drivers
L_0x7f96b5309bf0 .functor BUFT 1, C4<0>, C4<0>, C4<0>, C4<0>;
v0x55cbe3888060_0 .net "itfsel", 0 0, L_0x7f96b5309bf0;  1 drivers
v0x55cbe3888120_0 .net "ltfexpgen", 7 0, L_0x55cbe38b8e60;  1 drivers
v0x55cbe3880d40_0 .net "maxout", 15 0, L_0x55cbe38b4b30;  1 drivers
L_0x7f96b5309c80 .functor BUFT 1, C4<0>, C4<0>, C4<0>, C4<0>;
v0x55cbe3880e20_0 .net "maxsel", 0 0, L_0x7f96b5309c80;  1 drivers
v0x55cbe3880ee0_0 .net "mcalc", 15 0, L_0x55cbe38bb980;  1 drivers
v0x55cbe3880fc0_0 .net "minout", 15 0, L_0x55cbe38b8f70;  1 drivers
L_0x7f96b5309cc8 .functor BUFT 1, C4<0>, C4<0>, C4<0>, C4<0>;
v0x55cbe38810a0_0 .net "minsel", 0 0, L_0x7f96b5309cc8;  1 drivers
v0x55cbe3881160_0 .net "much_larger", 0 0, L_0x55cbe389dc60;  1 drivers
v0x55cbe3881220_0 .net "mulsel", 0 0, v0x55cbe388a550_0;  1 drivers
v0x55cbe38812e0_0 .net "nan1", 0 0, L_0x55cbe388b430;  1 drivers
v0x55cbe38813a0_0 .net "nan2", 0 0, L_0x55cbe389bef0;  1 drivers
v0x55cbe3881460_0 .net "op1", 15 0, L_0x55cbe38bab00;  1 drivers
v0x55cbe3889210_0 .net "op2", 15 0, L_0x55cbe38bae30;  1 drivers
v0x55cbe38892f0_0 .net "opout", 15 0, L_0x55cbe38ba9a0;  alias, 1 drivers
v0x55cbe38893d0_0 .net "sign1", 0 0, L_0x55cbe38bb220;  1 drivers
v0x55cbe3889490_0 .net "sign2", 0 0, L_0x55cbe38bb460;  1 drivers
v0x55cbe3889550_0 .net "subsel", 0 0, v0x55cbe388a860_0;  1 drivers
v0x55cbe3889610_0 .net "val1", 9 0, L_0x55cbe38bb720;  1 drivers
v0x55cbe38896f0_0 .net "val2", 9 0, L_0x55cbe38bb8c0;  1 drivers
v0x55cbe38897d0_0 .net "valmul", 19 0, L_0x55cbe38aa0f0;  1 drivers
L_0x7f96b5309ba8 .functor BUFT 1, C4<0>, C4<0>, C4<0>, C4<0>;
v0x55cbe38898b0_0 .net "vec_en", 0 0, L_0x7f96b5309ba8;  1 drivers
v0x55cbe3889970_0 .net "zero1", 0 0, L_0x55cbe389d150;  1 drivers
v0x55cbe3889a30_0 .net "zero2", 0 0, L_0x55cbe389d900;  1 drivers
E_0x55cbe37c78c0 .event edge, L_0x55cbe38ba000;
L_0x55cbe388a930 .part L_0x55cbe38b9330, 15, 1;
L_0x55cbe388aa30 .part L_0x55cbe38bab00, 15, 1;
L_0x55cbe388ab30 .part L_0x55cbe38b9330, 15, 1;
L_0x55cbe388ac00 .part L_0x55cbe38bae30, 15, 1;
L_0x55cbe388ad00 .part L_0x55cbe38b9330, 10, 5;
L_0x55cbe388add0 .part L_0x55cbe38bab00, 10, 5;
L_0x55cbe388af30 .part L_0x55cbe38b9330, 10, 5;
L_0x55cbe388afd0 .part L_0x55cbe38bae30, 10, 5;
L_0x55cbe388b0c0 .part L_0x55cbe38b9330, 0, 10;
L_0x55cbe388b160 .part L_0x55cbe38bab00, 0, 10;
L_0x55cbe388b290 .part L_0x55cbe38b9330, 0, 10;
L_0x55cbe388b360 .part L_0x55cbe38bae30, 0, 10;
L_0x55cbe388b4a0 .concat [ 10 22 0 0], L_0x55cbe38bb720, L_0x7f96b5308018;
L_0x55cbe389b610 .cmp/ne 32, L_0x55cbe388b4a0, L_0x7f96b5308060;
L_0x55cbe389b800 .cmp/eq 5, L_0x55cbe38bb4d0, L_0x7f96b53080a8;
L_0x55cbe389b9f0 .concat [ 10 22 0 0], L_0x55cbe38bb8c0, L_0x7f96b53080f0;
L_0x55cbe389bbf0 .cmp/ne 32, L_0x55cbe389b9f0, L_0x7f96b5308138;
L_0x55cbe389bd30 .cmp/eq 5, L_0x55cbe38bb660, L_0x7f96b5308180;
L_0x55cbe389c000 .concat [ 10 22 0 0], L_0x55cbe38bb720, L_0x7f96b53081c8;
L_0x55cbe389c140 .cmp/eq 32, L_0x55cbe389c000, L_0x7f96b5308210;
L_0x55cbe389be50 .cmp/eq 5, L_0x55cbe38bb4d0, L_0x7f96b5308258;
L_0x55cbe389c490 .concat [ 10 22 0 0], L_0x55cbe38bb8c0, L_0x7f96b53082a0;
L_0x55cbe389c690 .cmp/eq 32, L_0x55cbe389c490, L_0x7f96b53082e8;
L_0x55cbe389c7d0 .cmp/eq 5, L_0x55cbe38bb660, L_0x7f96b5308330;
L_0x55cbe389cb20 .concat [ 5 27 0 0], L_0x55cbe38bb4d0, L_0x7f96b5308378;
L_0x55cbe389cc10 .cmp/eq 32, L_0x55cbe389cb20, L_0x7f96b53083c0;
L_0x55cbe389ce30 .concat [ 10 22 0 0], L_0x55cbe38bb720, L_0x7f96b5308408;
L_0x55cbe389cf20 .cmp/eq 32, L_0x55cbe389ce30, L_0x7f96b5308450;
L_0x55cbe389d260 .concat [ 5 27 0 0], L_0x55cbe38bb660, L_0x7f96b5308498;
L_0x55cbe389d350 .cmp/eq 32, L_0x55cbe389d260, L_0x7f96b53084e0;
L_0x55cbe389d590 .concat [ 10 22 0 0], L_0x55cbe38bb8c0, L_0x7f96b5308528;
L_0x55cbe389d680 .cmp/eq 32, L_0x55cbe389d590, L_0x7f96b5308570;
L_0x55cbe389dac0 .arith/sub 6, L_0x55cbe389e900, L_0x55cbe389f2a0;
L_0x55cbe389dc60 .cmp/gt 6, L_0x55cbe389dac0, L_0x7f96b53085b8;
L_0x55cbe389def0 .cmp/eq 5, L_0x55cbe38bb4d0, L_0x55cbe38bb660;
L_0x55cbe389df90 .cmp/gt 5, L_0x55cbe38bb4d0, L_0x55cbe38bb660;
L_0x55cbe389de30 .functor MUXZ 2, L_0x7f96b5308690, L_0x7f96b5308648, L_0x55cbe389df90, C4<>;
L_0x55cbe389e210 .functor MUXZ 2, L_0x55cbe389de30, L_0x7f96b5308600, L_0x55cbe389def0, C4<>;
L_0x55cbe389e4e0 .part L_0x55cbe389e210, 0, 1;
L_0x55cbe389e5d0 .concat [ 5 1 0 0], L_0x55cbe38bb4d0, L_0x7f96b53086d8;
L_0x55cbe389e810 .concat [ 5 1 0 0], L_0x55cbe38bb660, L_0x7f96b5308720;
L_0x55cbe389e900 .functor MUXZ 6, L_0x55cbe389e810, L_0x55cbe389e5d0, L_0x55cbe389e4e0, C4<>;
L_0x55cbe389ec40 .part L_0x55cbe389e210, 0, 1;
L_0x55cbe389ece0 .reduce/nor L_0x55cbe389ec40;
L_0x55cbe389ef40 .concat [ 5 1 0 0], L_0x55cbe38bb4d0, L_0x7f96b5308768;
L_0x55cbe389f030 .concat [ 5 1 0 0], L_0x55cbe38bb660, L_0x7f96b53087b0;
L_0x55cbe389f2a0 .functor MUXZ 6, L_0x55cbe389f030, L_0x55cbe389ef40, L_0x55cbe389ece0, C4<>;
L_0x55cbe389f480 .part L_0x55cbe389e210, 0, 1;
L_0x55cbe389f740 .concat [ 10 1 0 0], L_0x55cbe38bb720, L_0x7f96b53087f8;
L_0x55cbe389f870 .concat [ 10 1 0 0], L_0x55cbe38bb8c0, L_0x7f96b5308840;
L_0x55cbe389fb40 .functor MUXZ 11, L_0x55cbe389f870, L_0x55cbe389f740, L_0x55cbe389f480, C4<>;
L_0x55cbe389fc80 .part L_0x55cbe389e210, 0, 1;
L_0x55cbe389f9a0 .reduce/nor L_0x55cbe389fc80;
L_0x55cbe389fa90 .concat [ 10 1 0 0], L_0x55cbe38bb720, L_0x7f96b5308888;
L_0x55cbe38a00e0 .concat [ 10 1 0 0], L_0x55cbe38bb8c0, L_0x7f96b53088d0;
L_0x55cbe38a01d0 .functor MUXZ 11, L_0x55cbe38a00e0, L_0x55cbe389fa90, L_0x55cbe389f9a0, C4<>;
L_0x55cbe38a0530 .cmp/eq 16, L_0x55cbe38bab00, L_0x55cbe38bae30;
L_0x55cbe38a06f0 .concat [ 1 31 0 0], L_0x55cbe38bb220, L_0x7f96b5308918;
L_0x55cbe38a0970 .cmp/eq 32, L_0x55cbe38a06f0, L_0x7f96b5308960;
L_0x55cbe38a0ab0 .functor MUXZ 1, L_0x7f96b53089f0, L_0x7f96b53089a8, L_0x55cbe38a0970, C4<>;
L_0x55cbe38a0e30 .concat [ 1 31 0 0], L_0x55cbe38bb220, L_0x7f96b5308a38;
L_0x55cbe38a0f20 .cmp/eq 32, L_0x55cbe38a0e30, L_0x7f96b5308a80;
L_0x55cbe38a1260 .part L_0x55cbe389e210, 1, 1;
L_0x55cbe38a1300 .part L_0x55cbe389e210, 0, 1;
L_0x55cbe38a15b0 .reduce/nor L_0x55cbe38a1300;
L_0x55cbe38a16a0 .cmp/gt 10, L_0x55cbe38bb720, L_0x55cbe38bb8c0;
L_0x55cbe38a1960 .functor MUXZ 1, L_0x55cbe38a16a0, L_0x55cbe38a15b0, L_0x55cbe38a1260, C4<>;
L_0x55cbe38a1af0 .part L_0x55cbe389e210, 1, 1;
L_0x55cbe38a1dc0 .part L_0x55cbe389e210, 0, 1;
L_0x55cbe38a1e60 .cmp/gt 10, L_0x55cbe38bb8c0, L_0x55cbe38bb720;
L_0x55cbe38a2140 .functor MUXZ 1, L_0x55cbe38a1e60, L_0x55cbe38a1dc0, L_0x55cbe38a1af0, C4<>;
L_0x55cbe38a2300 .functor MUXZ 1, L_0x55cbe38a2140, L_0x55cbe38a1960, L_0x55cbe38a0f20, C4<>;
L_0x55cbe38a26e0 .functor MUXZ 1, L_0x55cbe38a2300, L_0x55cbe38a0ab0, L_0x55cbe389da50, C4<>;
L_0x55cbe38a65c0 .concat [ 11 5 0 0], L_0x55cbe38a01d0, L_0x7f96b5308be8;
L_0x55cbe38a6960 .part L_0x55cbe389dac0, 0, 4;
L_0x55cbe38a6a00 .part L_0x55cbe38a6500, 0, 11;
L_0x55cbe38a6d60 .part L_0x55cbe389e210, 0, 1;
L_0x55cbe38a6e00 .concat [ 16 1 0 0], L_0x55cbe38bab00, L_0x7f96b5308c78;
L_0x55cbe38a7170 .concat [ 16 1 0 0], L_0x55cbe38bae30, L_0x7f96b5308cc0;
L_0x55cbe38a7260 .functor MUXZ 17, L_0x55cbe38a7170, L_0x55cbe38a6e00, L_0x55cbe38a6d60, C4<>;
L_0x55cbe38a7680 .concat [ 10 6 1 0], L_0x55cbe38a8960, L_0x55cbe389e900, L_0x55cbe38bb220;
L_0x55cbe38a7720 .functor MUXZ 17, L_0x55cbe38a7680, L_0x55cbe38a7260, L_0x55cbe389dc60, C4<>;
L_0x55cbe38a7b00 .part L_0x55cbe38a7720, 0, 16;
L_0x55cbe38a7e10 .part L_0x55cbe38a98b0, 10, 1;
L_0x55cbe38a8280 .arith/sum 11, L_0x55cbe38a8160, L_0x7f96b5308d08;
L_0x55cbe38a83e0 .functor MUXZ 11, L_0x55cbe38a8280, L_0x55cbe38a98b0, L_0x55cbe38a7e10, C4<>;
L_0x55cbe38a87e0 .functor MUXZ 11, L_0x55cbe38a98b0, L_0x55cbe38a83e0, L_0x55cbe38a7d00, C4<>;
L_0x55cbe38a8960 .part L_0x55cbe38a87e0, 0, 10;
L_0x55cbe38a8d70 .concat [ 1 10 0 0], v0x55cbe388a860_0, L_0x7f96b5308d50;
L_0x55cbe38a8e60 .arith/sum 11, L_0x55cbe389fb40, L_0x55cbe38a8d70;
L_0x55cbe38a9280 .cmp/ne 11, L_0x55cbe38a8e60, L_0x7f96b5308d98;
L_0x55cbe38a9410 .arith/sum 11, L_0x55cbe38a8320, L_0x7f96b5308de0;
L_0x55cbe38a98b0 .functor MUXZ 11, L_0x55cbe38a6a00, L_0x55cbe38a9410, L_0x55cbe38a9280, C4<>;
L_0x55cbe38a99f0 .concat [ 10 10 0 0], L_0x55cbe38bb720, L_0x7f96b5308e28;
L_0x55cbe38a9ef0 .concat [ 10 10 0 0], L_0x55cbe38bb8c0, L_0x7f96b5308e70;
L_0x55cbe38aa0f0 .arith/mult 20, L_0x55cbe38a99f0, L_0x55cbe38a9ef0;
L_0x55cbe38aa540 .concat [ 5 1 0 0], L_0x55cbe38bb4d0, L_0x7f96b5308eb8;
L_0x55cbe38aa740 .concat [ 5 1 0 0], L_0x55cbe38bb660, L_0x7f96b5308f00;
L_0x55cbe38aac60 .arith/sum 6, L_0x55cbe38aa540, L_0x55cbe38aa740;
L_0x55cbe38aada0 .arith/sub 6, L_0x55cbe38aac60, L_0x7f96b5308f48;
L_0x55cbe38ab280 .part L_0x55cbe38aada0, 0, 5;
L_0x55cbe38ab370 .part L_0x55cbe38aa0f0, 10, 10;
L_0x55cbe38ab7a0 .concat [ 10 5 1 0], L_0x55cbe38ab370, L_0x55cbe38ab280, L_0x55cbe38a94b0;
L_0x55cbe38ab930 .concat [ 16 16 0 0], L_0x55cbe38bab00, L_0x7f96b5308f90;
L_0x55cbe38abd70 .cmp/ne 32, L_0x55cbe38ab930, L_0x7f96b5308fd8;
L_0x55cbe38abeb0 .concat [ 4 1 0 0], v0x55cbe38870f0_0, L_0x7f96b5309020;
L_0x55cbe38ac300 .arith/sum 5, L_0x55cbe38abeb0, L_0x7f96b5309068;
L_0x55cbe38ac4b0 .functor MUXZ 5, L_0x7f96b53090b0, L_0x55cbe38ac300, L_0x55cbe38abd70, C4<>;
L_0x55cbe38b06e0 .part L_0x55cbe38bab00, 0, 15;
L_0x55cbe38b0780 .concat [ 1 15 0 0], L_0x7f96b5309218, L_0x55cbe38b06e0;
L_0x55cbe38b0d50 .concat [ 4 28 0 0], v0x55cbe38870f0_0, L_0x7f96b53092a8;
L_0x55cbe38b0e90 .arith/sum 32, L_0x55cbe38b0d50, L_0x7f96b53092f0;
L_0x55cbe38b13d0 .part L_0x55cbe38b0e90, 0, 4;
L_0x55cbe38b14c0 .part L_0x55cbe38bab00, 15, 1;
L_0x55cbe38b1a10 .part L_0x55cbe38b05d0, 5, 11;
L_0x55cbe38b1ab0 .concat [ 11 5 1 0], L_0x55cbe38b1a10, L_0x55cbe38ac4b0, L_0x55cbe38b14c0;
L_0x55cbe38b1ff0 .part L_0x55cbe38b1ab0, 0, 16;
L_0x55cbe38b20e0 .part L_0x55cbe38bab00, 0, 10;
L_0x55cbe38b2540 .concat [ 10 6 0 0], L_0x55cbe38b20e0, L_0x7f96b5309338;
L_0x55cbe38b26d0 .arith/sum 16, L_0x55cbe38b0f30, L_0x7f96b5309380;
L_0x55cbe38b2c50 .part L_0x55cbe38bab00, 0, 10;
L_0x55cbe38b2cf0 .concat [ 10 6 0 0], L_0x55cbe38b2c50, L_0x7f96b53093c8;
L_0x55cbe38b3210 .functor MUXZ 16, L_0x55cbe38b2cf0, L_0x55cbe38b26d0, L_0x55cbe38bb220, C4<>;
L_0x55cbe38b33a0 .cmp/ge 5, L_0x55cbe38bb4d0, L_0x7f96b5309410;
L_0x55cbe38b3880 .functor MUXZ 1, L_0x7f96b53094a0, L_0x7f96b5309458, L_0x55cbe38b33a0, C4<>;
L_0x55cbe38b3a10 .arith/sub 5, L_0x7f96b53094e8, L_0x55cbe38bb4d0;
L_0x55cbe38b3f00 .arith/sub 5, L_0x55cbe38bb4d0, L_0x7f96b5309530;
L_0x55cbe38b3ff0 .functor MUXZ 5, L_0x55cbe38b3f00, L_0x55cbe38b3a10, L_0x55cbe38b3880, C4<>;
L_0x55cbe38b4590 .part L_0x55cbe38b3ff0, 0, 4;
L_0x55cbe38b46d0 .cmp/gt 5, L_0x7f96b5309578, L_0x55cbe38bb4d0;
L_0x55cbe38b8940 .concat [ 1 1 0 0], L_0x7f96b53096e0, L_0x55cbe38b3880;
L_0x55cbe38b8a30 .part L_0x55cbe38bab00, 15, 1;
L_0x55cbe38b47c0 .part L_0x55cbe38b8830, 0, 15;
L_0x55cbe38b4860 .concat [ 15 1 0 0], L_0x55cbe38b47c0, L_0x55cbe38b8a30;
L_0x55cbe38b49a0 .functor MUXZ 16, L_0x55cbe38b4860, L_0x7f96b5309728, L_0x55cbe38b46d0, C4<>;
L_0x55cbe38b4b30 .functor MUXZ 16, L_0x55cbe38bae30, L_0x55cbe38bab00, L_0x55cbe38a26e0, C4<>;
L_0x55cbe38b8f70 .functor MUXZ 16, L_0x55cbe38bab00, L_0x55cbe38bae30, L_0x55cbe38a26e0, C4<>;
L_0x55cbe38b9010 .part L_0x7f96b5309d10, 22, 9;
L_0x55cbe38b8ad0 .arith/sub 9, L_0x55cbe38b9010, L_0x7f96b5309770;
L_0x55cbe38b8c80 .part L_0x55cbe38b8ad0, 0, 8;
L_0x55cbe38b8d70 .concat [ 5 3 0 0], L_0x55cbe38bb4d0, L_0x7f96b53097b8;
L_0x55cbe38b8e60 .arith/sum 8, L_0x55cbe38b8d70, L_0x7f96b5309800;
L_0x55cbe38b90b0 .part L_0x7f96b5309d10, 31, 1;
L_0x55cbe38b91a0 .part L_0x55cbe38b8c80, 0, 5;
L_0x55cbe38b9290 .part L_0x7f96b5309d10, 13, 10;
L_0x55cbe38b9330 .concat [ 10 5 1 0], L_0x55cbe38b9290, L_0x55cbe38b91a0, L_0x55cbe38b90b0;
L_0x55cbe38b9a60 .part L_0x55cbe38bab00, 15, 1;
L_0x55cbe38b9b00 .concat [ 13 10 8 1], L_0x7f96b5309848, L_0x55cbe38bb720, L_0x55cbe38b8e60, L_0x55cbe38b9a60;
L_0x55cbe38b95c0 .reduce/nor L_0x7f96b5309ad0;
L_0x55cbe38b9660 .functor MUXZ 16, L_0x7f96b5309890, L_0x55cbe38bab00, L_0x55cbe38b95c0, C4<>;
L_0x55cbe38b9900 .functor MUXZ 16, L_0x7f96b53098d8, L_0x55cbe38a7b00, L_0x55cbe38b8b70, C4<>;
L_0x55cbe38ba1a0 .functor MUXZ 16, L_0x7f96b5309920, L_0x55cbe38bb980, v0x55cbe388a550_0, C4<>;
L_0x55cbe38ba000 .part L_0x55cbe38bab00, 0, 15;
S_0x55cbe38106b0 .scope module, "fshifter1" "bshifter16" 3 78, 4 6 0, S_0x55cbe37f3550;
 .timescale -9 -10;
    .port_info 0 /INPUT 16 "datain"
    .port_info 1 /INPUT 2 "typ"
    .port_info 2 /INPUT 4 "shiftnum"
    .port_info 3 /OUTPUT 16 "dataout"
L_0x55cbe389db60 .functor AND 1, L_0x55cbe38a29b0, L_0x55cbe38a2a50, C4<1>, C4<1>;
L_0x55cbe38a3520 .functor AND 1, L_0x55cbe38a3630, L_0x55cbe38a3750, C4<1>, C4<1>;
L_0x55cbe38a4680 .functor AND 1, L_0x55cbe38a4460, L_0x55cbe38a4500, C4<1>, C4<1>;
L_0x55cbe38a54b0 .functor AND 1, L_0x55cbe38a55d0, L_0x55cbe38a5410, C4<1>, C4<1>;
L_0x55cbe38a6500 .functor BUFZ 16, L_0x55cbe38a62a0, C4<0000000000000000>, C4<0000000000000000>, C4<0000000000000000>;
v0x55cbe381bdb0_0 .net *"_s1", 0 0, L_0x55cbe38a2870;  1 drivers
v0x55cbe37be5b0_0 .net *"_s10", 0 0, L_0x55cbe38a2c10;  1 drivers
v0x55cbe37bd910_0 .net *"_s100", 15 0, L_0x55cbe38a6110;  1 drivers
v0x55cbe37bcc70_0 .net *"_s13", 14 0, L_0x55cbe38a2d00;  1 drivers
v0x55cbe37bbfd0_0 .net *"_s14", 15 0, L_0x55cbe38a2e30;  1 drivers
v0x55cbe37bb1e0_0 .net *"_s17", 14 0, L_0x55cbe38a2f70;  1 drivers
L_0x7f96b5308ac8 .functor BUFT 1, C4<0>, C4<0>, C4<0>, C4<0>;
v0x55cbe37ba340_0 .net/2u *"_s18", 0 0, L_0x7f96b5308ac8;  1 drivers
v0x55cbe3870190_0 .net *"_s20", 15 0, L_0x55cbe38a3060;  1 drivers
v0x55cbe3870270_0 .net *"_s22", 15 0, L_0x55cbe38a31a0;  1 drivers
v0x55cbe3870350_0 .net *"_s27", 0 0, L_0x55cbe38a3430;  1 drivers
v0x55cbe3870430_0 .net *"_s29", 0 0, L_0x55cbe38a3590;  1 drivers
v0x55cbe3870510_0 .net *"_s3", 0 0, L_0x55cbe38a2910;  1 drivers
v0x55cbe38705f0_0 .net *"_s31", 0 0, L_0x55cbe38a3630;  1 drivers
v0x55cbe38706d0_0 .net *"_s33", 0 0, L_0x55cbe38a3750;  1 drivers
v0x55cbe38707b0_0 .net *"_s34", 0 0, L_0x55cbe38a3520;  1 drivers
v0x55cbe3870890_0 .net *"_s36", 1 0, L_0x55cbe38a38d0;  1 drivers
v0x55cbe3870970_0 .net *"_s39", 13 0, L_0x55cbe38a3a50;  1 drivers
v0x55cbe3870a50_0 .net *"_s40", 15 0, L_0x55cbe38a3b40;  1 drivers
v0x55cbe3870b30_0 .net *"_s43", 13 0, L_0x55cbe38a3d20;  1 drivers
L_0x7f96b5308b10 .functor BUFT 1, C4<00>, C4<0>, C4<0>, C4<0>;
v0x55cbe3870c10_0 .net/2u *"_s44", 1 0, L_0x7f96b5308b10;  1 drivers
v0x55cbe3870cf0_0 .net *"_s46", 15 0, L_0x55cbe38a3dc0;  1 drivers
v0x55cbe3870dd0_0 .net *"_s48", 15 0, L_0x55cbe38a3c80;  1 drivers
v0x55cbe3870eb0_0 .net *"_s5", 0 0, L_0x55cbe38a29b0;  1 drivers
v0x55cbe3870f90_0 .net *"_s53", 0 0, L_0x55cbe38a4250;  1 drivers
v0x55cbe3871070_0 .net *"_s55", 0 0, L_0x55cbe38a42f0;  1 drivers
v0x55cbe3871150_0 .net *"_s57", 0 0, L_0x55cbe38a4460;  1 drivers
v0x55cbe3871230_0 .net *"_s59", 0 0, L_0x55cbe38a4500;  1 drivers
v0x55cbe3871310_0 .net *"_s60", 0 0, L_0x55cbe38a4680;  1 drivers
v0x55cbe38713f0_0 .net *"_s62", 3 0, L_0x55cbe38a4790;  1 drivers
v0x55cbe38714d0_0 .net *"_s65", 11 0, L_0x55cbe38a4910;  1 drivers
v0x55cbe38715b0_0 .net *"_s66", 15 0, L_0x55cbe38a4aa0;  1 drivers
v0x55cbe3871690_0 .net *"_s69", 11 0, L_0x55cbe38a4be0;  1 drivers
v0x55cbe3871770_0 .net *"_s7", 0 0, L_0x55cbe38a2a50;  1 drivers
L_0x7f96b5308b58 .functor BUFT 1, C4<0000>, C4<0>, C4<0>, C4<0>;
v0x55cbe3871850_0 .net/2u *"_s70", 3 0, L_0x7f96b5308b58;  1 drivers
v0x55cbe3871930_0 .net *"_s72", 15 0, L_0x55cbe38a4d80;  1 drivers
v0x55cbe3871a10_0 .net *"_s74", 15 0, L_0x55cbe38a4ec0;  1 drivers
v0x55cbe3871af0_0 .net *"_s79", 0 0, L_0x55cbe38a52e0;  1 drivers
v0x55cbe3871bd0_0 .net *"_s8", 0 0, L_0x55cbe389db60;  1 drivers
v0x55cbe3871cb0_0 .net *"_s81", 0 0, L_0x55cbe38a5530;  1 drivers
v0x55cbe3871d90_0 .net *"_s83", 0 0, L_0x55cbe38a55d0;  1 drivers
v0x55cbe3871e70_0 .net *"_s85", 0 0, L_0x55cbe38a5410;  1 drivers
v0x55cbe3871f50_0 .net *"_s86", 0 0, L_0x55cbe38a54b0;  1 drivers
v0x55cbe3872030_0 .net *"_s88", 7 0, L_0x55cbe38a5820;  1 drivers
v0x55cbe3872110_0 .net *"_s91", 7 0, L_0x55cbe38a5aa0;  1 drivers
v0x55cbe38721f0_0 .net *"_s92", 15 0, L_0x55cbe38a5b40;  1 drivers
v0x55cbe38722d0_0 .net *"_s95", 7 0, L_0x55cbe38a5dd0;  1 drivers
L_0x7f96b5308ba0 .functor BUFT 1, C4<00000000>, C4<0>, C4<0>, C4<0>;
v0x55cbe38723b0_0 .net/2u *"_s96", 7 0, L_0x7f96b5308ba0;  1 drivers
v0x55cbe3872490_0 .net *"_s98", 15 0, L_0x55cbe38a5e70;  1 drivers
v0x55cbe3872570_0 .net "datain", 15 0, L_0x55cbe38a65c0;  1 drivers
v0x55cbe3872650_0 .net "dataout", 15 0, L_0x55cbe38a6500;  1 drivers
v0x55cbe3872730_0 .net "shift0", 15 0, L_0x55cbe38a3340;  1 drivers
v0x55cbe3872810_0 .net "shift1", 15 0, L_0x55cbe38a40a0;  1 drivers
v0x55cbe38728f0_0 .net "shift2", 15 0, L_0x55cbe38a5160;  1 drivers
v0x55cbe38729d0_0 .net "shift3", 15 0, L_0x55cbe38a62a0;  1 drivers
v0x55cbe3872ab0_0 .net "shiftnum", 3 0, L_0x55cbe38a6960;  1 drivers
L_0x7f96b5308c30 .functor BUFT 1, C4<10>, C4<0>, C4<0>, C4<0>;
v0x55cbe3872b90_0 .net "typ", 1 0, L_0x7f96b5308c30;  1 drivers
L_0x55cbe38a2870 .part L_0x55cbe38a6960, 0, 1;
L_0x55cbe38a2910 .part L_0x7f96b5308c30, 1, 1;
L_0x55cbe38a29b0 .part L_0x55cbe38a65c0, 15, 1;
L_0x55cbe38a2a50 .part L_0x7f96b5308c30, 0, 1;
L_0x55cbe38a2c10 .concat [ 1 0 0 0], L_0x55cbe389db60;
L_0x55cbe38a2d00 .part L_0x55cbe38a65c0, 1, 15;
L_0x55cbe38a2e30 .concat [ 15 1 0 0], L_0x55cbe38a2d00, L_0x55cbe38a2c10;
L_0x55cbe38a2f70 .part L_0x55cbe38a65c0, 0, 15;
L_0x55cbe38a3060 .concat [ 1 15 0 0], L_0x7f96b5308ac8, L_0x55cbe38a2f70;
L_0x55cbe38a31a0 .functor MUXZ 16, L_0x55cbe38a3060, L_0x55cbe38a2e30, L_0x55cbe38a2910, C4<>;
L_0x55cbe38a3340 .functor MUXZ 16, L_0x55cbe38a65c0, L_0x55cbe38a31a0, L_0x55cbe38a2870, C4<>;
L_0x55cbe38a3430 .part L_0x55cbe38a6960, 1, 1;
L_0x55cbe38a3590 .part L_0x7f96b5308c30, 1, 1;
L_0x55cbe38a3630 .part L_0x55cbe38a65c0, 15, 1;
L_0x55cbe38a3750 .part L_0x7f96b5308c30, 0, 1;
L_0x55cbe38a38d0 .concat [ 1 1 0 0], L_0x55cbe38a3520, L_0x55cbe38a3520;
L_0x55cbe38a3a50 .part L_0x55cbe38a3340, 2, 14;
L_0x55cbe38a3b40 .concat [ 14 2 0 0], L_0x55cbe38a3a50, L_0x55cbe38a38d0;
L_0x55cbe38a3d20 .part L_0x55cbe38a3340, 0, 14;
L_0x55cbe38a3dc0 .concat [ 2 14 0 0], L_0x7f96b5308b10, L_0x55cbe38a3d20;
L_0x55cbe38a3c80 .functor MUXZ 16, L_0x55cbe38a3dc0, L_0x55cbe38a3b40, L_0x55cbe38a3590, C4<>;
L_0x55cbe38a40a0 .functor MUXZ 16, L_0x55cbe38a3340, L_0x55cbe38a3c80, L_0x55cbe38a3430, C4<>;
L_0x55cbe38a4250 .part L_0x55cbe38a6960, 2, 1;
L_0x55cbe38a42f0 .part L_0x7f96b5308c30, 1, 1;
L_0x55cbe38a4460 .part L_0x55cbe38a65c0, 15, 1;
L_0x55cbe38a4500 .part L_0x7f96b5308c30, 0, 1;
L_0x55cbe38a4790 .concat [ 1 1 1 1], L_0x55cbe38a4680, L_0x55cbe38a4680, L_0x55cbe38a4680, L_0x55cbe38a4680;
L_0x55cbe38a4910 .part L_0x55cbe38a40a0, 4, 12;
L_0x55cbe38a4aa0 .concat [ 12 4 0 0], L_0x55cbe38a4910, L_0x55cbe38a4790;
L_0x55cbe38a4be0 .part L_0x55cbe38a40a0, 0, 12;
L_0x55cbe38a4d80 .concat [ 4 12 0 0], L_0x7f96b5308b58, L_0x55cbe38a4be0;
L_0x55cbe38a4ec0 .functor MUXZ 16, L_0x55cbe38a4d80, L_0x55cbe38a4aa0, L_0x55cbe38a42f0, C4<>;
L_0x55cbe38a5160 .functor MUXZ 16, L_0x55cbe38a40a0, L_0x55cbe38a4ec0, L_0x55cbe38a4250, C4<>;
L_0x55cbe38a52e0 .part L_0x55cbe38a6960, 3, 1;
L_0x55cbe38a5530 .part L_0x7f96b5308c30, 1, 1;
L_0x55cbe38a55d0 .part L_0x55cbe38a65c0, 15, 1;
L_0x55cbe38a5410 .part L_0x7f96b5308c30, 0, 1;
LS_0x55cbe38a5820_0_0 .concat [ 1 1 1 1], L_0x55cbe38a54b0, L_0x55cbe38a54b0, L_0x55cbe38a54b0, L_0x55cbe38a54b0;
LS_0x55cbe38a5820_0_4 .concat [ 1 1 1 1], L_0x55cbe38a54b0, L_0x55cbe38a54b0, L_0x55cbe38a54b0, L_0x55cbe38a54b0;
L_0x55cbe38a5820 .concat [ 4 4 0 0], LS_0x55cbe38a5820_0_0, LS_0x55cbe38a5820_0_4;
L_0x55cbe38a5aa0 .part L_0x55cbe38a5160, 8, 8;
L_0x55cbe38a5b40 .concat [ 8 8 0 0], L_0x55cbe38a5aa0, L_0x55cbe38a5820;
L_0x55cbe38a5dd0 .part L_0x55cbe38a5160, 0, 8;
L_0x55cbe38a5e70 .concat [ 8 8 0 0], L_0x7f96b5308ba0, L_0x55cbe38a5dd0;
L_0x55cbe38a6110 .functor MUXZ 16, L_0x55cbe38a5e70, L_0x55cbe38a5b40, L_0x55cbe38a5530, C4<>;
L_0x55cbe38a62a0 .functor MUXZ 16, L_0x55cbe38a5160, L_0x55cbe38a6110, L_0x55cbe38a52e0, C4<>;
S_0x55cbe3872cf0 .scope module, "ftishifter1" "bshifter16" 3 147, 4 6 0, S_0x55cbe37f3550;
 .timescale -9 -10;
    .port_info 0 /INPUT 16 "datain"
    .port_info 1 /INPUT 2 "typ"
    .port_info 2 /INPUT 4 "shiftnum"
    .port_info 3 /OUTPUT 16 "dataout"
L_0x55cbe38b2770 .functor AND 1, L_0x55cbe38b4d20, L_0x55cbe38b4dc0, C4<1>, C4<1>;
L_0x55cbe38b5780 .functor AND 1, L_0x55cbe38b5890, L_0x55cbe38b59b0, C4<1>, C4<1>;
L_0x55cbe38b69a0 .functor AND 1, L_0x55cbe38b6670, L_0x55cbe38b6820, C4<1>, C4<1>;
L_0x55cbe38b76b0 .functor AND 1, L_0x55cbe38b77d0, L_0x55cbe38b7610, C4<1>, C4<1>;
L_0x55cbe38b8830 .functor BUFZ 16, L_0x55cbe38b85d0, C4<0000000000000000>, C4<0000000000000000>, C4<0000000000000000>;
v0x55cbe3872e90_0 .net *"_s1", 0 0, L_0x55cbe38b4be0;  1 drivers
v0x55cbe3872f70_0 .net *"_s10", 0 0, L_0x55cbe38b4f50;  1 drivers
v0x55cbe3873050_0 .net *"_s100", 15 0, L_0x55cbe38b8440;  1 drivers
v0x55cbe3873110_0 .net *"_s13", 14 0, L_0x55cbe38b5040;  1 drivers
v0x55cbe38731f0_0 .net *"_s14", 15 0, L_0x55cbe38b50e0;  1 drivers
v0x55cbe3873320_0 .net *"_s17", 14 0, L_0x55cbe38b51d0;  1 drivers
L_0x7f96b53095c0 .functor BUFT 1, C4<0>, C4<0>, C4<0>, C4<0>;
v0x55cbe3873400_0 .net/2u *"_s18", 0 0, L_0x7f96b53095c0;  1 drivers
v0x55cbe38734e0_0 .net *"_s20", 15 0, L_0x55cbe38b52c0;  1 drivers
v0x55cbe38735c0_0 .net *"_s22", 15 0, L_0x55cbe38b5400;  1 drivers
v0x55cbe38736a0_0 .net *"_s27", 0 0, L_0x55cbe38b56e0;  1 drivers
v0x55cbe3873780_0 .net *"_s29", 0 0, L_0x55cbe38b57f0;  1 drivers
v0x55cbe3873860_0 .net *"_s3", 0 0, L_0x55cbe38b4c80;  1 drivers
v0x55cbe3873940_0 .net *"_s31", 0 0, L_0x55cbe38b5890;  1 drivers
v0x55cbe3873a20_0 .net *"_s33", 0 0, L_0x55cbe38b59b0;  1 drivers
v0x55cbe3873b00_0 .net *"_s34", 0 0, L_0x55cbe38b5780;  1 drivers
v0x55cbe3873be0_0 .net *"_s36", 1 0, L_0x55cbe38b5ae0;  1 drivers
v0x55cbe3873cc0_0 .net *"_s39", 13 0, L_0x55cbe38b5c60;  1 drivers
v0x55cbe3873da0_0 .net *"_s40", 15 0, L_0x55cbe38b5d50;  1 drivers
v0x55cbe3873e80_0 .net *"_s43", 13 0, L_0x55cbe38b5f30;  1 drivers
L_0x7f96b5309608 .functor BUFT 1, C4<00>, C4<0>, C4<0>, C4<0>;
v0x55cbe3873f60_0 .net/2u *"_s44", 1 0, L_0x7f96b5309608;  1 drivers
v0x55cbe3874040_0 .net *"_s46", 15 0, L_0x55cbe38b5fd0;  1 drivers
v0x55cbe3874120_0 .net *"_s48", 15 0, L_0x55cbe38b5e90;  1 drivers
v0x55cbe3874200_0 .net *"_s5", 0 0, L_0x55cbe38b4d20;  1 drivers
v0x55cbe38742e0_0 .net *"_s53", 0 0, L_0x55cbe38b6460;  1 drivers
v0x55cbe38743c0_0 .net *"_s55", 0 0, L_0x55cbe38b6500;  1 drivers
v0x55cbe38744a0_0 .net *"_s57", 0 0, L_0x55cbe38b6670;  1 drivers
v0x55cbe3874580_0 .net *"_s59", 0 0, L_0x55cbe38b6820;  1 drivers
v0x55cbe3874660_0 .net *"_s60", 0 0, L_0x55cbe38b69a0;  1 drivers
v0x55cbe3874740_0 .net *"_s62", 3 0, L_0x55cbe38b6ab0;  1 drivers
v0x55cbe3874820_0 .net *"_s65", 11 0, L_0x55cbe38b6ba0;  1 drivers
v0x55cbe3874900_0 .net *"_s66", 15 0, L_0x55cbe38b6d30;  1 drivers
v0x55cbe38749e0_0 .net *"_s69", 11 0, L_0x55cbe38b6e70;  1 drivers
v0x55cbe3874ac0_0 .net *"_s7", 0 0, L_0x55cbe38b4dc0;  1 drivers
L_0x7f96b5309650 .functor BUFT 1, C4<0000>, C4<0>, C4<0>, C4<0>;
v0x55cbe3874db0_0 .net/2u *"_s70", 3 0, L_0x7f96b5309650;  1 drivers
v0x55cbe3874e90_0 .net *"_s72", 15 0, L_0x55cbe38b7010;  1 drivers
v0x55cbe3874f70_0 .net *"_s74", 15 0, L_0x55cbe38b7150;  1 drivers
v0x55cbe3875050_0 .net *"_s79", 0 0, L_0x55cbe38b7570;  1 drivers
v0x55cbe3875130_0 .net *"_s8", 0 0, L_0x55cbe38b2770;  1 drivers
v0x55cbe3875210_0 .net *"_s81", 0 0, L_0x55cbe38b7730;  1 drivers
v0x55cbe38752f0_0 .net *"_s83", 0 0, L_0x55cbe38b77d0;  1 drivers
v0x55cbe38753d0_0 .net *"_s85", 0 0, L_0x55cbe38b7610;  1 drivers
v0x55cbe38754b0_0 .net *"_s86", 0 0, L_0x55cbe38b76b0;  1 drivers
v0x55cbe3875590_0 .net *"_s88", 7 0, L_0x55cbe38b7a40;  1 drivers
v0x55cbe3875670_0 .net *"_s91", 7 0, L_0x55cbe38b7dd0;  1 drivers
v0x55cbe3875750_0 .net *"_s92", 15 0, L_0x55cbe38b7e70;  1 drivers
v0x55cbe3875830_0 .net *"_s95", 7 0, L_0x55cbe38b8100;  1 drivers
L_0x7f96b5309698 .functor BUFT 1, C4<00000000>, C4<0>, C4<0>, C4<0>;
v0x55cbe3875910_0 .net/2u *"_s96", 7 0, L_0x7f96b5309698;  1 drivers
v0x55cbe38759f0_0 .net *"_s98", 15 0, L_0x55cbe38b81a0;  1 drivers
v0x55cbe3875ad0_0 .net "datain", 15 0, L_0x55cbe38b3210;  alias, 1 drivers
v0x55cbe3875bb0_0 .net "dataout", 15 0, L_0x55cbe38b8830;  alias, 1 drivers
v0x55cbe3875c90_0 .net "shift0", 15 0, L_0x55cbe38b55a0;  1 drivers
v0x55cbe3875d70_0 .net "shift1", 15 0, L_0x55cbe38b62b0;  1 drivers
v0x55cbe3875e50_0 .net "shift2", 15 0, L_0x55cbe38b73f0;  1 drivers
v0x55cbe3875f30_0 .net "shift3", 15 0, L_0x55cbe38b85d0;  1 drivers
v0x55cbe3876010_0 .net "shiftnum", 3 0, L_0x55cbe38b4590;  alias, 1 drivers
v0x55cbe38760f0_0 .net "typ", 1 0, L_0x55cbe38b8940;  1 drivers
L_0x55cbe38b4be0 .part L_0x55cbe38b4590, 0, 1;
L_0x55cbe38b4c80 .part L_0x55cbe38b8940, 1, 1;
L_0x55cbe38b4d20 .part L_0x55cbe38b3210, 15, 1;
L_0x55cbe38b4dc0 .part L_0x55cbe38b8940, 0, 1;
L_0x55cbe38b4f50 .concat [ 1 0 0 0], L_0x55cbe38b2770;
L_0x55cbe38b5040 .part L_0x55cbe38b3210, 1, 15;
L_0x55cbe38b50e0 .concat [ 15 1 0 0], L_0x55cbe38b5040, L_0x55cbe38b4f50;
L_0x55cbe38b51d0 .part L_0x55cbe38b3210, 0, 15;
L_0x55cbe38b52c0 .concat [ 1 15 0 0], L_0x7f96b53095c0, L_0x55cbe38b51d0;
L_0x55cbe38b5400 .functor MUXZ 16, L_0x55cbe38b52c0, L_0x55cbe38b50e0, L_0x55cbe38b4c80, C4<>;
L_0x55cbe38b55a0 .functor MUXZ 16, L_0x55cbe38b3210, L_0x55cbe38b5400, L_0x55cbe38b4be0, C4<>;
L_0x55cbe38b56e0 .part L_0x55cbe38b4590, 1, 1;
L_0x55cbe38b57f0 .part L_0x55cbe38b8940, 1, 1;
L_0x55cbe38b5890 .part L_0x55cbe38b3210, 15, 1;
L_0x55cbe38b59b0 .part L_0x55cbe38b8940, 0, 1;
L_0x55cbe38b5ae0 .concat [ 1 1 0 0], L_0x55cbe38b5780, L_0x55cbe38b5780;
L_0x55cbe38b5c60 .part L_0x55cbe38b55a0, 2, 14;
L_0x55cbe38b5d50 .concat [ 14 2 0 0], L_0x55cbe38b5c60, L_0x55cbe38b5ae0;
L_0x55cbe38b5f30 .part L_0x55cbe38b55a0, 0, 14;
L_0x55cbe38b5fd0 .concat [ 2 14 0 0], L_0x7f96b5309608, L_0x55cbe38b5f30;
L_0x55cbe38b5e90 .functor MUXZ 16, L_0x55cbe38b5fd0, L_0x55cbe38b5d50, L_0x55cbe38b57f0, C4<>;
L_0x55cbe38b62b0 .functor MUXZ 16, L_0x55cbe38b55a0, L_0x55cbe38b5e90, L_0x55cbe38b56e0, C4<>;
L_0x55cbe38b6460 .part L_0x55cbe38b4590, 2, 1;
L_0x55cbe38b6500 .part L_0x55cbe38b8940, 1, 1;
L_0x55cbe38b6670 .part L_0x55cbe38b3210, 15, 1;
L_0x55cbe38b6820 .part L_0x55cbe38b8940, 0, 1;
L_0x55cbe38b6ab0 .concat [ 1 1 1 1], L_0x55cbe38b69a0, L_0x55cbe38b69a0, L_0x55cbe38b69a0, L_0x55cbe38b69a0;
L_0x55cbe38b6ba0 .part L_0x55cbe38b62b0, 4, 12;
L_0x55cbe38b6d30 .concat [ 12 4 0 0], L_0x55cbe38b6ba0, L_0x55cbe38b6ab0;
L_0x55cbe38b6e70 .part L_0x55cbe38b62b0, 0, 12;
L_0x55cbe38b7010 .concat [ 4 12 0 0], L_0x7f96b5309650, L_0x55cbe38b6e70;
L_0x55cbe38b7150 .functor MUXZ 16, L_0x55cbe38b7010, L_0x55cbe38b6d30, L_0x55cbe38b6500, C4<>;
L_0x55cbe38b73f0 .functor MUXZ 16, L_0x55cbe38b62b0, L_0x55cbe38b7150, L_0x55cbe38b6460, C4<>;
L_0x55cbe38b7570 .part L_0x55cbe38b4590, 3, 1;
L_0x55cbe38b7730 .part L_0x55cbe38b8940, 1, 1;
L_0x55cbe38b77d0 .part L_0x55cbe38b3210, 15, 1;
L_0x55cbe38b7610 .part L_0x55cbe38b8940, 0, 1;
LS_0x55cbe38b7a40_0_0 .concat [ 1 1 1 1], L_0x55cbe38b76b0, L_0x55cbe38b76b0, L_0x55cbe38b76b0, L_0x55cbe38b76b0;
LS_0x55cbe38b7a40_0_4 .concat [ 1 1 1 1], L_0x55cbe38b76b0, L_0x55cbe38b76b0, L_0x55cbe38b76b0, L_0x55cbe38b76b0;
L_0x55cbe38b7a40 .concat [ 4 4 0 0], LS_0x55cbe38b7a40_0_0, LS_0x55cbe38b7a40_0_4;
L_0x55cbe38b7dd0 .part L_0x55cbe38b73f0, 8, 8;
L_0x55cbe38b7e70 .concat [ 8 8 0 0], L_0x55cbe38b7dd0, L_0x55cbe38b7a40;
L_0x55cbe38b8100 .part L_0x55cbe38b73f0, 0, 8;
L_0x55cbe38b81a0 .concat [ 8 8 0 0], L_0x7f96b5309698, L_0x55cbe38b8100;
L_0x55cbe38b8440 .functor MUXZ 16, L_0x55cbe38b81a0, L_0x55cbe38b7e70, L_0x55cbe38b7730, C4<>;
L_0x55cbe38b85d0 .functor MUXZ 16, L_0x55cbe38b73f0, L_0x55cbe38b8440, L_0x55cbe38b7570, C4<>;
S_0x55cbe3876250 .scope module, "itfshifter1" "bshifter16" 3 127, 4 6 0, S_0x55cbe37f3550;
 .timescale -9 -10;
    .port_info 0 /INPUT 16 "datain"
    .port_info 1 /INPUT 2 "typ"
    .port_info 2 /INPUT 4 "shiftnum"
    .port_info 3 /OUTPUT 16 "dataout"
L_0x55cbe38ac3a0 .functor AND 1, L_0x55cbe38acaf0, L_0x55cbe38acb90, C4<1>, C4<1>;
L_0x55cbe38ad690 .functor AND 1, L_0x55cbe38ad7a0, L_0x55cbe38ad8c0, C4<1>, C4<1>;
L_0x55cbe38ae760 .functor AND 1, L_0x55cbe38ae540, L_0x55cbe38ae5e0, C4<1>, C4<1>;
L_0x55cbe38af470 .functor AND 1, L_0x55cbe38af590, L_0x55cbe38af3d0, C4<1>, C4<1>;
L_0x55cbe38b05d0 .functor BUFZ 16, L_0x55cbe38b0370, C4<0000000000000000>, C4<0000000000000000>, C4<0000000000000000>;
v0x55cbe3876440_0 .net *"_s1", 0 0, L_0x55cbe38ac9b0;  1 drivers
v0x55cbe3876520_0 .net *"_s10", 0 0, L_0x55cbe38acd80;  1 drivers
v0x55cbe3876600_0 .net *"_s100", 15 0, L_0x55cbe38b01e0;  1 drivers
v0x55cbe38766c0_0 .net *"_s13", 14 0, L_0x55cbe38ace70;  1 drivers
v0x55cbe38767a0_0 .net *"_s14", 15 0, L_0x55cbe38acfa0;  1 drivers
v0x55cbe38768d0_0 .net *"_s17", 14 0, L_0x55cbe38ad0e0;  1 drivers
L_0x7f96b53090f8 .functor BUFT 1, C4<0>, C4<0>, C4<0>, C4<0>;
v0x55cbe38769b0_0 .net/2u *"_s18", 0 0, L_0x7f96b53090f8;  1 drivers
v0x55cbe3876a90_0 .net *"_s20", 15 0, L_0x55cbe38ad1d0;  1 drivers
v0x55cbe3876b70_0 .net *"_s22", 15 0, L_0x55cbe38ad310;  1 drivers
v0x55cbe3876c50_0 .net *"_s27", 0 0, L_0x55cbe38ad5a0;  1 drivers
v0x55cbe3876d30_0 .net *"_s29", 0 0, L_0x55cbe38ad700;  1 drivers
v0x55cbe3876e10_0 .net *"_s3", 0 0, L_0x55cbe38aca50;  1 drivers
v0x55cbe3876ef0_0 .net *"_s31", 0 0, L_0x55cbe38ad7a0;  1 drivers
v0x55cbe3876fd0_0 .net *"_s33", 0 0, L_0x55cbe38ad8c0;  1 drivers
v0x55cbe38770b0_0 .net *"_s34", 0 0, L_0x55cbe38ad690;  1 drivers
v0x55cbe3877190_0 .net *"_s36", 1 0, L_0x55cbe38ad9b0;  1 drivers
v0x55cbe3877270_0 .net *"_s39", 13 0, L_0x55cbe38adb30;  1 drivers
v0x55cbe3877350_0 .net *"_s40", 15 0, L_0x55cbe38adc20;  1 drivers
v0x55cbe3877430_0 .net *"_s43", 13 0, L_0x55cbe38ade00;  1 drivers
L_0x7f96b5309140 .functor BUFT 1, C4<00>, C4<0>, C4<0>, C4<0>;
v0x55cbe3877510_0 .net/2u *"_s44", 1 0, L_0x7f96b5309140;  1 drivers
v0x55cbe38775f0_0 .net *"_s46", 15 0, L_0x55cbe38adea0;  1 drivers
v0x55cbe38776d0_0 .net *"_s48", 15 0, L_0x55cbe38add60;  1 drivers
v0x55cbe38777b0_0 .net *"_s5", 0 0, L_0x55cbe38acaf0;  1 drivers
v0x55cbe3877890_0 .net *"_s53", 0 0, L_0x55cbe38ae330;  1 drivers
v0x55cbe3877970_0 .net *"_s55", 0 0, L_0x55cbe38ae3d0;  1 drivers
v0x55cbe3877a50_0 .net *"_s57", 0 0, L_0x55cbe38ae540;  1 drivers
v0x55cbe3877b30_0 .net *"_s59", 0 0, L_0x55cbe38ae5e0;  1 drivers
v0x55cbe3877c10_0 .net *"_s60", 0 0, L_0x55cbe38ae760;  1 drivers
v0x55cbe3877cf0_0 .net *"_s62", 3 0, L_0x55cbe38ae870;  1 drivers
v0x55cbe3877dd0_0 .net *"_s65", 11 0, L_0x55cbe38ae960;  1 drivers
v0x55cbe3877eb0_0 .net *"_s66", 15 0, L_0x55cbe38aeaf0;  1 drivers
v0x55cbe3877f90_0 .net *"_s69", 11 0, L_0x55cbe38aec30;  1 drivers
v0x55cbe3878070_0 .net *"_s7", 0 0, L_0x55cbe38acb90;  1 drivers
L_0x7f96b5309188 .functor BUFT 1, C4<0000>, C4<0>, C4<0>, C4<0>;
v0x55cbe3878360_0 .net/2u *"_s70", 3 0, L_0x7f96b5309188;  1 drivers
v0x55cbe3878440_0 .net *"_s72", 15 0, L_0x55cbe38aedd0;  1 drivers
v0x55cbe3878520_0 .net *"_s74", 15 0, L_0x55cbe38aef10;  1 drivers
v0x55cbe3878600_0 .net *"_s79", 0 0, L_0x55cbe38af2a0;  1 drivers
v0x55cbe38786e0_0 .net *"_s8", 0 0, L_0x55cbe38ac3a0;  1 drivers
v0x55cbe38787c0_0 .net *"_s81", 0 0, L_0x55cbe38af4f0;  1 drivers
v0x55cbe38788a0_0 .net *"_s83", 0 0, L_0x55cbe38af590;  1 drivers
v0x55cbe3878980_0 .net *"_s85", 0 0, L_0x55cbe38af3d0;  1 drivers
v0x55cbe3878a60_0 .net *"_s86", 0 0, L_0x55cbe38af470;  1 drivers
v0x55cbe3878b40_0 .net *"_s88", 7 0, L_0x55cbe38af7e0;  1 drivers
v0x55cbe3878c20_0 .net *"_s91", 7 0, L_0x55cbe38afb70;  1 drivers
v0x55cbe3878d00_0 .net *"_s92", 15 0, L_0x55cbe38afc10;  1 drivers
v0x55cbe3878de0_0 .net *"_s95", 7 0, L_0x55cbe38afea0;  1 drivers
L_0x7f96b53091d0 .functor BUFT 1, C4<00000000>, C4<0>, C4<0>, C4<0>;
v0x55cbe3878ec0_0 .net/2u *"_s96", 7 0, L_0x7f96b53091d0;  1 drivers
v0x55cbe3878fa0_0 .net *"_s98", 15 0, L_0x55cbe38aff40;  1 drivers
v0x55cbe3879080_0 .net "datain", 15 0, L_0x55cbe38b0780;  1 drivers
v0x55cbe3879160_0 .net "dataout", 15 0, L_0x55cbe38b05d0;  alias, 1 drivers
v0x55cbe3879240_0 .net "shift0", 15 0, L_0x55cbe38ad4b0;  1 drivers
v0x55cbe3879320_0 .net "shift1", 15 0, L_0x55cbe38ae180;  1 drivers
v0x55cbe3879400_0 .net "shift2", 15 0, L_0x55cbe38af1b0;  1 drivers
v0x55cbe38794e0_0 .net "shift3", 15 0, L_0x55cbe38b0370;  1 drivers
v0x55cbe38795c0_0 .net "shiftnum", 3 0, L_0x55cbe38b13d0;  1 drivers
L_0x7f96b5309260 .functor BUFT 1, C4<00>, C4<0>, C4<0>, C4<0>;
v0x55cbe38796a0_0 .net "typ", 1 0, L_0x7f96b5309260;  1 drivers
L_0x55cbe38ac9b0 .part L_0x55cbe38b13d0, 0, 1;
L_0x55cbe38aca50 .part L_0x7f96b5309260, 1, 1;
L_0x55cbe38acaf0 .part L_0x55cbe38b0780, 15, 1;
L_0x55cbe38acb90 .part L_0x7f96b5309260, 0, 1;
L_0x55cbe38acd80 .concat [ 1 0 0 0], L_0x55cbe38ac3a0;
L_0x55cbe38ace70 .part L_0x55cbe38b0780, 1, 15;
L_0x55cbe38acfa0 .concat [ 15 1 0 0], L_0x55cbe38ace70, L_0x55cbe38acd80;
L_0x55cbe38ad0e0 .part L_0x55cbe38b0780, 0, 15;
L_0x55cbe38ad1d0 .concat [ 1 15 0 0], L_0x7f96b53090f8, L_0x55cbe38ad0e0;
L_0x55cbe38ad310 .functor MUXZ 16, L_0x55cbe38ad1d0, L_0x55cbe38acfa0, L_0x55cbe38aca50, C4<>;
L_0x55cbe38ad4b0 .functor MUXZ 16, L_0x55cbe38b0780, L_0x55cbe38ad310, L_0x55cbe38ac9b0, C4<>;
L_0x55cbe38ad5a0 .part L_0x55cbe38b13d0, 1, 1;
L_0x55cbe38ad700 .part L_0x7f96b5309260, 1, 1;
L_0x55cbe38ad7a0 .part L_0x55cbe38b0780, 15, 1;
L_0x55cbe38ad8c0 .part L_0x7f96b5309260, 0, 1;
L_0x55cbe38ad9b0 .concat [ 1 1 0 0], L_0x55cbe38ad690, L_0x55cbe38ad690;
L_0x55cbe38adb30 .part L_0x55cbe38ad4b0, 2, 14;
L_0x55cbe38adc20 .concat [ 14 2 0 0], L_0x55cbe38adb30, L_0x55cbe38ad9b0;
L_0x55cbe38ade00 .part L_0x55cbe38ad4b0, 0, 14;
L_0x55cbe38adea0 .concat [ 2 14 0 0], L_0x7f96b5309140, L_0x55cbe38ade00;
L_0x55cbe38add60 .functor MUXZ 16, L_0x55cbe38adea0, L_0x55cbe38adc20, L_0x55cbe38ad700, C4<>;
L_0x55cbe38ae180 .functor MUXZ 16, L_0x55cbe38ad4b0, L_0x55cbe38add60, L_0x55cbe38ad5a0, C4<>;
L_0x55cbe38ae330 .part L_0x55cbe38b13d0, 2, 1;
L_0x55cbe38ae3d0 .part L_0x7f96b5309260, 1, 1;
L_0x55cbe38ae540 .part L_0x55cbe38b0780, 15, 1;
L_0x55cbe38ae5e0 .part L_0x7f96b5309260, 0, 1;
L_0x55cbe38ae870 .concat [ 1 1 1 1], L_0x55cbe38ae760, L_0x55cbe38ae760, L_0x55cbe38ae760, L_0x55cbe38ae760;
L_0x55cbe38ae960 .part L_0x55cbe38ae180, 4, 12;
L_0x55cbe38aeaf0 .concat [ 12 4 0 0], L_0x55cbe38ae960, L_0x55cbe38ae870;
L_0x55cbe38aec30 .part L_0x55cbe38ae180, 0, 12;
L_0x55cbe38aedd0 .concat [ 4 12 0 0], L_0x7f96b5309188, L_0x55cbe38aec30;
L_0x55cbe38aef10 .functor MUXZ 16, L_0x55cbe38aedd0, L_0x55cbe38aeaf0, L_0x55cbe38ae3d0, C4<>;
L_0x55cbe38af1b0 .functor MUXZ 16, L_0x55cbe38ae180, L_0x55cbe38aef10, L_0x55cbe38ae330, C4<>;
L_0x55cbe38af2a0 .part L_0x55cbe38b13d0, 3, 1;
L_0x55cbe38af4f0 .part L_0x7f96b5309260, 1, 1;
L_0x55cbe38af590 .part L_0x55cbe38b0780, 15, 1;
L_0x55cbe38af3d0 .part L_0x7f96b5309260, 0, 1;
LS_0x55cbe38af7e0_0_0 .concat [ 1 1 1 1], L_0x55cbe38af470, L_0x55cbe38af470, L_0x55cbe38af470, L_0x55cbe38af470;
LS_0x55cbe38af7e0_0_4 .concat [ 1 1 1 1], L_0x55cbe38af470, L_0x55cbe38af470, L_0x55cbe38af470, L_0x55cbe38af470;
L_0x55cbe38af7e0 .concat [ 4 4 0 0], LS_0x55cbe38af7e0_0_0, LS_0x55cbe38af7e0_0_4;
L_0x55cbe38afb70 .part L_0x55cbe38af1b0, 8, 8;
L_0x55cbe38afc10 .concat [ 8 8 0 0], L_0x55cbe38afb70, L_0x55cbe38af7e0;
L_0x55cbe38afea0 .part L_0x55cbe38af1b0, 0, 8;
L_0x55cbe38aff40 .concat [ 8 8 0 0], L_0x7f96b53091d0, L_0x55cbe38afea0;
L_0x55cbe38b01e0 .functor MUXZ 16, L_0x55cbe38aff40, L_0x55cbe38afc10, L_0x55cbe38af4f0, C4<>;
L_0x55cbe38b0370 .functor MUXZ 16, L_0x55cbe38af1b0, L_0x55cbe38b01e0, L_0x55cbe38af2a0, C4<>;
    .scope S_0x55cbe37f3550;
T_0 ;
    %wait E_0x55cbe37c78c0;
    %load/vec4 v0x55cbe3881460_0;
    %parti/s 15, 0, 2;
    %dup/vec4;
    %pushi/vec4 32767, 16383, 15;
    %cmp/x;
    %jmp/1 T_0.0, 4;
    %dup/vec4;
    %pushi/vec4 16383, 8191, 15;
    %cmp/x;
    %jmp/1 T_0.1, 4;
    %dup/vec4;
    %pushi/vec4 8191, 4095, 15;
    %cmp/x;
    %jmp/1 T_0.2, 4;
    %dup/vec4;
    %pushi/vec4 4095, 2047, 15;
    %cmp/x;
    %jmp/1 T_0.3, 4;
    %dup/vec4;
    %pushi/vec4 2047, 1023, 15;
    %cmp/x;
    %jmp/1 T_0.4, 4;
    %dup/vec4;
    %pushi/vec4 1023, 511, 15;
    %cmp/x;
    %jmp/1 T_0.5, 4;
    %dup/vec4;
    %pushi/vec4 511, 255, 15;
    %cmp/x;
    %jmp/1 T_0.6, 4;
    %dup/vec4;
    %pushi/vec4 255, 127, 15;
    %cmp/x;
    %jmp/1 T_0.7, 4;
    %dup/vec4;
    %pushi/vec4 127, 63, 15;
    %cmp/x;
    %jmp/1 T_0.8, 4;
    %dup/vec4;
    %pushi/vec4 63, 31, 15;
    %cmp/x;
    %jmp/1 T_0.9, 4;
    %dup/vec4;
    %pushi/vec4 31, 15, 15;
    %cmp/x;
    %jmp/1 T_0.10, 4;
    %dup/vec4;
    %pushi/vec4 15, 7, 15;
    %cmp/x;
    %jmp/1 T_0.11, 4;
    %dup/vec4;
    %pushi/vec4 7, 3, 15;
    %cmp/x;
    %jmp/1 T_0.12, 4;
    %dup/vec4;
    %pushi/vec4 3, 1, 15;
    %cmp/x;
    %jmp/1 T_0.13, 4;
    %dup/vec4;
    %pushi/vec4 1, 0, 15;
    %cmp/x;
    %jmp/1 T_0.14, 4;
    %dup/vec4;
    %pushi/vec4 0, 0, 15;
    %cmp/x;
    %jmp/1 T_0.15, 4;
    %pushi/vec4 15, 15, 4;
    %store/vec4 v0x55cbe38870f0_0, 0, 4;
    %jmp T_0.17;
T_0.0 ;
    %pushi/vec4 15, 0, 4;
    %store/vec4 v0x55cbe38870f0_0, 0, 4;
    %jmp T_0.17;
T_0.1 ;
    %pushi/vec4 14, 0, 4;
    %store/vec4 v0x55cbe38870f0_0, 0, 4;
    %jmp T_0.17;
T_0.2 ;
    %pushi/vec4 13, 0, 4;
    %store/vec4 v0x55cbe38870f0_0, 0, 4;
    %jmp T_0.17;
T_0.3 ;
    %pushi/vec4 12, 0, 4;
    %store/vec4 v0x55cbe38870f0_0, 0, 4;
    %jmp T_0.17;
T_0.4 ;
    %pushi/vec4 11, 0, 4;
    %store/vec4 v0x55cbe38870f0_0, 0, 4;
    %jmp T_0.17;
T_0.5 ;
    %pushi/vec4 10, 0, 4;
    %store/vec4 v0x55cbe38870f0_0, 0, 4;
    %jmp T_0.17;
T_0.6 ;
    %pushi/vec4 9, 0, 4;
    %store/vec4 v0x55cbe38870f0_0, 0, 4;
    %jmp T_0.17;
T_0.7 ;
    %pushi/vec4 8, 0, 4;
    %store/vec4 v0x55cbe38870f0_0, 0, 4;
    %jmp T_0.17;
T_0.8 ;
    %pushi/vec4 7, 0, 4;
    %store/vec4 v0x55cbe38870f0_0, 0, 4;
    %jmp T_0.17;
T_0.9 ;
    %pushi/vec4 6, 0, 4;
    %store/vec4 v0x55cbe38870f0_0, 0, 4;
    %jmp T_0.17;
T_0.10 ;
    %pushi/vec4 5, 0, 4;
    %store/vec4 v0x55cbe38870f0_0, 0, 4;
    %jmp T_0.17;
T_0.11 ;
    %pushi/vec4 4, 0, 4;
    %store/vec4 v0x55cbe38870f0_0, 0, 4;
    %jmp T_0.17;
T_0.12 ;
    %pushi/vec4 3, 0, 4;
    %store/vec4 v0x55cbe38870f0_0, 0, 4;
    %jmp T_0.17;
T_0.13 ;
    %pushi/vec4 2, 0, 4;
    %store/vec4 v0x55cbe38870f0_0, 0, 4;
    %jmp T_0.17;
T_0.14 ;
    %pushi/vec4 1, 0, 4;
    %store/vec4 v0x55cbe38870f0_0, 0, 4;
    %jmp T_0.17;
T_0.15 ;
    %pushi/vec4 0, 0, 4;
    %store/vec4 v0x55cbe38870f0_0, 0, 4;
    %jmp T_0.17;
T_0.17 ;
    %pop/vec4 1;
    %jmp T_0;
    .thread T_0, $push;
    .scope S_0x55cbe3835150;
T_1 ;
    %delay 50, 0;
    %load/vec4 v0x55cbe388a3f0_0;
    %inv;
    %store/vec4 v0x55cbe388a3f0_0, 0, 1;
    %jmp T_1;
    .thread T_1;
    .scope S_0x55cbe3835150;
T_2 ;
    %vpi_call 2 19 "$dumpfile", "$DIR/fpu16_tb.vcd" {0 0 0};
    %vpi_call 2 20 "$dumpvars" {0 0 0};
    %vpi_call 2 21 "$readmemh", "$DIR/fop_a.hex", v0x55cbe388a620 {0 0 0};
    %vpi_call 2 22 "$readmemh", "$DIR/fop_b.hex", v0x55cbe388a6c0 {0 0 0};
    %delay 0, 0;
    %pushi/vec4 0, 0, 1;
    %store/vec4 v0x55cbe388a3f0_0, 0, 1;
    %pushi/vec4 0, 0, 7;
    %store/vec4 v0x55cbe388a780_0, 0, 7;
    %pushi/vec4 8, 0, 4;
    %split/vec4 1;
    %assign/vec4 v0x55cbe388a490_0, 0;
    %split/vec4 1;
    %assign/vec4 v0x55cbe388a550_0, 0;
    %split/vec4 1;
    %assign/vec4 v0x55cbe388a860_0, 0;
    %assign/vec4 v0x55cbe388a350_0, 0;
    %end;
    .thread T_2;
    .scope S_0x55cbe3835150;
T_3 ;
    %wait E_0x55cbe37d6a80;
    %load/vec4 v0x55cbe388a780_0;
    %addi 1, 0, 7;
    %assign/vec4 v0x55cbe388a780_0, 0;
    %load/vec4 v0x55cbe388a780_0;
    %cmpi/e 127, 0, 7;
    %jmp/0xz  T_3.0, 4;
    %vpi_call 2 28 "$finish" {0 0 0};
T_3.0 ;
    %load/vec4 v0x55cbe388a780_0;
    %parti/s 2, 5, 4;
    %dup/vec4;
    %pushi/vec4 0, 0, 2;
    %cmp/u;
    %jmp/1 T_3.2, 6;
    %dup/vec4;
    %pushi/vec4 1, 0, 2;
    %cmp/u;
    %jmp/1 T_3.3, 6;
    %dup/vec4;
    %pushi/vec4 2, 0, 2;
    %cmp/u;
    %jmp/1 T_3.4, 6;
    %dup/vec4;
    %pushi/vec4 3, 0, 2;
    %cmp/u;
    %jmp/1 T_3.5, 6;
    %jmp T_3.6;
T_3.2 ;
    %pushi/vec4 8, 0, 4;
    %split/vec4 1;
    %assign/vec4 v0x55cbe388a490_0, 0;
    %split/vec4 1;
    %assign/vec4 v0x55cbe388a550_0, 0;
    %split/vec4 1;
    %assign/vec4 v0x55cbe388a860_0, 0;
    %assign/vec4 v0x55cbe388a350_0, 0;
    %jmp T_3.6;
T_3.3 ;
    %pushi/vec4 4, 0, 4;
    %split/vec4 1;
    %assign/vec4 v0x55cbe388a490_0, 0;
    %split/vec4 1;
    %assign/vec4 v0x55cbe388a550_0, 0;
    %split/vec4 1;
    %assign/vec4 v0x55cbe388a860_0, 0;
    %assign/vec4 v0x55cbe388a350_0, 0;
    %jmp T_3.6;
T_3.4 ;
    %pushi/vec4 2, 0, 4;
    %split/vec4 1;
    %assign/vec4 v0x55cbe388a490_0, 0;
    %split/vec4 1;
    %assign/vec4 v0x55cbe388a550_0, 0;
    %split/vec4 1;
    %assign/vec4 v0x55cbe388a860_0, 0;
    %assign/vec4 v0x55cbe388a350_0, 0;
    %jmp T_3.6;
T_3.5 ;
    %pushi/vec4 1, 0, 4;
    %split/vec4 1;
    %assign/vec4 v0x55cbe388a490_0, 0;
    %split/vec4 1;
    %assign/vec4 v0x55cbe388a550_0, 0;
    %split/vec4 1;
    %assign/vec4 v0x55cbe388a860_0, 0;
    %assign/vec4 v0x55cbe388a350_0, 0;
    %jmp T_3.6;
T_3.6 ;
    %pop/vec4 1;
    %jmp T_3;
    .thread T_3;
# The file index is used to find the file name in the following table.
:file_names 5;
    "N/A";
    "<interactive>";
    "./RTL/fpu16_tb.v";
    "../RTL/CPU/EX/VPU/FALU16.v";
    "../RTL/CPU/EX/bshifter16.v";
